Log file open, 12/15/21 18:12:40
LogWindows: Failed to load 'aqProf.dll' (GetLastError=126)
LogWindows: File 'aqProf.dll' does not exist
LogWindows: Failed to load 'VtuneApi.dll' (GetLastError=126)
LogWindows: File 'VtuneApi.dll' does not exist
LogWindows: Failed to load 'VtuneApi32e.dll' (GetLastError=126)
LogWindows: File 'VtuneApi32e.dll' does not exist
LogConsoleResponse: Display: Failed to find resolution value strings in scalability ini. Falling back to default.
LogConsoleResponse: Display: Failed to find resolution value strings in scalability ini. Falling back to default.
LogInit: Display: Running engine for game: CS498_Final_Project
LogPlatformFile: Not using cached read wrapper
LogTaskGraph: Started task graph with 5 named threads and 35 total threads with 3 sets of task threads.
LogStats: Stats thread started at 0.199408
LogICUInternationalization: ICU TimeZone Detection - Raw Offset: -6:00, Platform Override: ''
LogInit: Display: Loading text-based GConfig....
LogPluginManager: Mounting plugin MeshPainting
LogPluginManager: Mounting plugin XGEController
LogPluginManager: Mounting plugin Paper2D
LogPluginManager: Mounting plugin AISupport
LogPluginManager: Mounting plugin EnvironmentQueryEditor
LogPluginManager: Mounting plugin LiveLink
LogPluginManager: Mounting plugin LightPropagationVolume
LogPluginManager: Mounting plugin CameraShakePreviewer
LogPluginManager: Mounting plugin GameplayCameras
LogPluginManager: Mounting plugin OodleData
LogPluginManager: Mounting plugin AssetManagerEditor
LogPluginManager: Mounting plugin CryptoKeys
LogPluginManager: Mounting plugin CurveEditorTools
LogPluginManager: Mounting plugin FacialAnimation
LogPluginManager: Mounting plugin GameplayTagsEditor
LogPluginManager: Mounting plugin GeometryMode
LogPluginManager: Mounting plugin MaterialAnalyzer
LogPluginManager: Mounting plugin DataValidation
LogPluginManager: Mounting plugin MacGraphicsSwitching
LogPluginManager: Mounting plugin MobileLauncherProfileWizard
LogPluginManager: Mounting plugin PluginBrowser
LogPluginManager: Mounting plugin SpeedTreeImporter
LogPluginManager: Mounting plugin DatasmithContent
LogPluginManager: Mounting plugin AlembicImporter
LogPluginManager: Mounting plugin AutomationUtils
LogPluginManager: Mounting plugin BackChannel
LogPluginManager: Mounting plugin OodleNetwork
LogPluginManager: Mounting plugin VariantManagerContent
LogPluginManager: Mounting plugin ChaosCloth
LogPluginManager: Mounting plugin ChaosEditor
LogPluginManager: Mounting plugin ChaosNiagara
LogPluginManager: Mounting plugin ChaosClothEditor
LogPluginManager: Mounting plugin ChaosSolverPlugin
LogPluginManager: Mounting plugin CharacterAI
LogPluginManager: Mounting plugin GeometryCache
LogPluginManager: Mounting plugin GeometryCollectionPlugin
LogPluginManager: Mounting plugin AnimationSharing
LogPluginManager: Mounting plugin CLionSourceCodeAccess
LogPluginManager: Mounting plugin CodeLiteSourceCodeAccess
LogPluginManager: Mounting plugin GitSourceControl
LogPluginManager: Mounting plugin KDevelopSourceCodeAccess
LogPluginManager: Mounting plugin NullSourceCodeAccess
LogPluginManager: Mounting plugin PerforceSourceControl
LogPluginManager: Mounting plugin PixWinPlugin
LogPluginManager: Mounting plugin PlasticSourceControl
LogPluginManager: Mounting plugin PluginUtils
LogPluginManager: Mounting plugin PropertyAccessNode
LogPluginManager: Mounting plugin SubversionSourceControl
LogPluginManager: Mounting plugin RiderSourceCodeAccess
LogPluginManager: Mounting plugin TextureFormatOodle
LogPluginManager: Mounting plugin UObjectPlugin
LogPluginManager: Mounting plugin VisualStudioCodeSourceCodeAccess
LogPluginManager: Mounting plugin XCodeSourceCodeAccess
LogPluginManager: Mounting plugin GeometryProcessing
LogPluginManager: Mounting plugin VisualStudioSourceCodeAccess
LogPluginManager: Mounting plugin OpenImageDenoise
LogPluginManager: Mounting plugin MotoSynth
LogPluginManager: Mounting plugin PlanarCut
LogPluginManager: Mounting plugin ProxyLODPlugin
LogPluginManager: Mounting plugin PlatformCrypto
LogPluginManager: Mounting plugin PythonScriptPlugin
LogPluginManager: Mounting plugin SkeletalReduction
LogPluginManager: Mounting plugin LuminPlatformFeatures
LogPluginManager: Mounting plugin MagicLeap
LogPluginManager: Mounting plugin Niagara
LogPluginManager: Mounting plugin MagicLeapLightEstimation
LogPluginManager: Mounting plugin MagicLeapMedia
LogPluginManager: Mounting plugin MagicLeapPassableWorld
LogPluginManager: Mounting plugin MLSDK
LogPluginManager: Mounting plugin AndroidMedia
LogPluginManager: Mounting plugin AvfMedia
LogPluginManager: Mounting plugin ImgMedia
LogPluginManager: Mounting plugin MediaCompositing
LogPluginManager: Mounting plugin MediaPlayerEditor
LogPluginManager: Mounting plugin WebMMedia
LogPluginManager: Mounting plugin WmfMedia
LogPluginManager: Mounting plugin UdpMessaging
LogPluginManager: Mounting plugin TcpMessaging
LogPluginManager: Mounting plugin ActorSequence
LogPluginManager: Mounting plugin LevelSequenceEditor
LogPluginManager: Mounting plugin MatineeToLevelSequence
LogPluginManager: Mounting plugin TemplateSequence
LogPluginManager: Mounting plugin LauncherChunkInstaller
LogPluginManager: Mounting plugin OnlineSubsystem
LogPluginManager: Mounting plugin OnlineSubsystemNull
LogPluginManager: Mounting plugin OnlineSubsystemUtils
LogPluginManager: Mounting plugin ActorLayerUtilities
LogPluginManager: Mounting plugin AndroidDeviceProfileSelector
LogPluginManager: Mounting plugin AndroidMoviePlayer
LogPluginManager: Mounting plugin AndroidPermission
LogPluginManager: Mounting plugin AppleImageUtils
LogPluginManager: Mounting plugin AppleMoviePlayer
LogPluginManager: Mounting plugin ArchVisCharacter
LogPluginManager: Mounting plugin AudioCapture
LogPluginManager: Mounting plugin AssetTags
LogPluginManager: Mounting plugin AudioSynesthesia
LogPluginManager: Mounting plugin CableComponent
LogPluginManager: Mounting plugin CustomMeshComponent
LogPluginManager: Mounting plugin ChunkDownloader
LogPluginManager: Mounting plugin EditableMesh
LogPluginManager: Mounting plugin ExampleDeviceProfileSelector
LogPluginManager: Mounting plugin GoogleCloudMessaging
LogPluginManager: Mounting plugin GooglePAD
LogPluginManager: Mounting plugin IOSDeviceProfileSelector
LogPluginManager: Mounting plugin LinuxDeviceProfileSelector
LogPluginManager: Mounting plugin LocationServicesBPLibrary
LogPluginManager: Mounting plugin MobilePatchingUtils
LogPluginManager: Mounting plugin OpenXR
LogPluginManager: Mounting plugin OpenXREyeTracker
LogPluginManager: Mounting plugin OpenXRHandTracking
LogPluginManager: Mounting plugin PhysXVehicles
LogPluginManager: Mounting plugin ScreenshotTools
LogPluginManager: Mounting plugin PostSplashScreen
LogPluginManager: Mounting plugin ProceduralMeshComponent
LogPluginManager: Mounting plugin PropertyAccessEditor
LogPluginManager: Mounting plugin Takes
LogPluginManager: Mounting plugin RuntimePhysXCooking
LogPluginManager: Mounting plugin SignificanceManager
LogPluginManager: Mounting plugin SoundFields
LogPluginManager: Mounting plugin Synthesis
LogPluginManager: Mounting plugin WebMMoviePlayer
LogPluginManager: Mounting plugin WindowsMoviePlayer
LogPluginManager: Mounting plugin ContentBrowserAssetDataSource
LogPluginManager: Mounting plugin ContentBrowserClassDataSource
LogPluginManager: Mounting plugin ContentBrowserFileDataSource
LogPluginManager: Mounting plugin OnlineSubsystemGooglePlay
LogPluginManager: Mounting plugin OnlineSubsystemIOS
LogPluginManager: Mounting plugin OculusVR
LogPluginManager: Mounting plugin SteamVR
PixWinPlugin: PIX capture plugin failed to initialize! Check that the process is launched from PIX.
LogInit: Using libcurl 7.55.1-DEV
LogInit:  - built for x86_64-pc-win32
LogInit:  - supports SSL with OpenSSL/1.1.1
LogInit:  - supports HTTP deflate (compression) using libz 1.2.8
LogInit:  - other features:
LogInit:      CURL_VERSION_SSL
LogInit:      CURL_VERSION_LIBZ
LogInit:      CURL_VERSION_IPV6
LogInit:      CURL_VERSION_ASYNCHDNS
LogInit:      CURL_VERSION_LARGEFILE
LogInit:      CURL_VERSION_IDN
LogInit:  CurlRequestOptions (configurable via config and command line):
LogInit:  - bVerifyPeer = true  - Libcurl will verify peer certificate
LogInit:  - bUseHttpProxy = false  - Libcurl will NOT use HTTP proxy
LogInit:  - bDontReuseConnections = false  - Libcurl will reuse connections
LogInit:  - MaxHostConnections = 16  - Libcurl will limit the number of connections to a host
LogInit:  - LocalHostAddr = Default
LogInit:  - BufferSize = 65536
LogOnline: OSS: Creating online subsystem instance for: NULL
LogInit: WinSock: version 1.1 (2.2), MaxSocks=32767, MaxUdp=65467
LogOnline: OSS: TryLoadSubsystemAndSetDefault: Loaded subsystem for module [NULL]
LogOculusPluginWrapper: OculusPlugin initialized successfully
LogHMD: Failed initializing OVRPlugin 1.59.0
LogInit: Build: ++UE4+Release-4.27-CL-17735300
LogInit: Engine Version: 4.27.1-17735300+++UE4+Release-4.27
LogInit: Compatible Engine Version: 4.27.0-17155196+++UE4+Release-4.27
LogInit: Net CL: 17155196
LogInit: OS: Windows 10 (Release 2009) (), CPU: Intel(R) Core(TM) i7-10750H CPU @ 2.60GHz, GPU: Intel(R) UHD Graphics
LogInit: Compiled (64-bit): Oct  6 2021 14:42:51
LogInit: Compiled with Visual C++: 19.24.28315.00
LogInit: Build Configuration: Development
LogInit: Branch Name: ++UE4+Release-4.27
LogInit: Command Line: 
LogInit: Base Directory: C:/Program Files/Epic Games/UE_4.27/Engine/Binaries/Win64/
LogInit: Allocator: TBB
LogInit: Installed Engine Build: 1
LogDevObjectVersion: Number of dev versions registered: 29
LogDevObjectVersion:   Dev-Blueprints (B0D832E4-1F89-4F0D-ACCF-7EB736FD4AA2): 10
LogDevObjectVersion:   Dev-Build (E1C64328-A22C-4D53-A36C-8E866417BD8C): 0
LogDevObjectVersion:   Dev-Core (375EC13C-06E4-48FB-B500-84F0262A717E): 4
LogDevObjectVersion:   Dev-Editor (E4B068ED-F494-42E9-A231-DA0B2E46BB41): 40
LogDevObjectVersion:   Dev-Framework (CFFC743F-43B0-4480-9391-14DF171D2073): 37
LogDevObjectVersion:   Dev-Mobile (B02B49B5-BB20-44E9-A304-32B752E40360): 3
LogDevObjectVersion:   Dev-Networking (A4E4105C-59A1-49B5-A7C5-40C4547EDFEE): 0
LogDevObjectVersion:   Dev-Online (39C831C9-5AE6-47DC-9A44-9C173E1C8E7C): 0
LogDevObjectVersion:   Dev-Physics (78F01B33-EBEA-4F98-B9B4-84EACCB95AA2): 14
LogDevObjectVersion:   Dev-Platform (6631380F-2D4D-43E0-8009-CF276956A95A): 0
LogDevObjectVersion:   Dev-Rendering (12F88B9F-8875-4AFC-A67C-D90C383ABD29): 45
LogDevObjectVersion:   Dev-Sequencer (7B5AE74C-D270-4C10-A958-57980B212A5A): 13
LogDevObjectVersion:   Dev-VR (D7296918-1DD6-4BDD-9DE2-64A83CC13884): 3
LogDevObjectVersion:   Dev-LoadTimes (C2A15278-BFE7-4AFE-6C17-90FF531DF755): 1
LogDevObjectVersion:   Private-Geometry (6EACA3D4-40EC-4CC1-B786-8BED09428FC5): 3
LogDevObjectVersion:   Dev-AnimPhys (29E575DD-E0A3-4627-9D10-D276232CDCEA): 17
LogDevObjectVersion:   Dev-Anim (AF43A65D-7FD3-4947-9873-3E8ED9C1BB05): 15
LogDevObjectVersion:   Dev-ReflectionCapture (6B266CEC-1EC7-4B8F-A30B-E4D90942FC07): 1
LogDevObjectVersion:   Dev-Automation (0DF73D61-A23F-47EA-B727-89E90C41499A): 1
LogDevObjectVersion:   FortniteMain (601D1886-AC64-4F84-AA16-D3DE0DEAC7D6): 47
LogDevObjectVersion:   FortniteRelease (E7086368-6B23-4C58-8439-1B7016265E91): 1
LogDevObjectVersion:   Dev-Enterprise (9DFFBCD6-494F-0158-E221-12823C92A888): 10
LogDevObjectVersion:   Dev-Niagara (F2AED0AC-9AFE-416F-8664-AA7FFA26D6FC): 1
LogDevObjectVersion:   Dev-Destruction (174F1F0B-B4C6-45A5-B13F-2EE8D0FB917D): 10
LogDevObjectVersion:   Dev-Physics-Ext (35F94A83-E258-406C-A318-09F59610247C): 41
LogDevObjectVersion:   Dev-PhysicsMaterial-Chaos (B68FC16E-8B1B-42E2-B453-215C058844FE): 1
LogDevObjectVersion:   Dev-CineCamera (B2E18506-4273-CFC2-A54E-F4BB758BBA07): 1
LogDevObjectVersion:   Dev-VirtualProduction (64F58936-FD1B-42BA-BA96-7289D5D0FA4E): 1
LogDevObjectVersion:   Dev-MediaFramework (6F0ED827-A609-4895-9C91-998D90180EA4): 2
LogInit: Presizing for max 25165824 objects, including 0 objects not considered by GC, pre-allocating 0 bytes for permanent pool.
LogConfig: Applying CVar settings from Section [/Script/Engine.StreamingSettings] File [C:/Users/pttin/Documents/GitHub/CS498GD-Final-MP/CS498_Final_Project/Saved/Config/Windows/Engine.ini]
LogConfig: Setting CVar [[s.MinBulkDataSizeForAsyncLoading:131072]]
LogConfig: Setting CVar [[s.AsyncLoadingThreadEnabled:0]]
LogConfig: Setting CVar [[s.EventDrivenLoaderEnabled:1]]
LogConfig: Setting CVar [[s.WarnIfTimeLimitExceeded:0]]
LogConfig: Setting CVar [[s.TimeLimitExceededMultiplier:1.5]]
LogConfig: Setting CVar [[s.TimeLimitExceededMinTime:0.005]]
LogConfig: Setting CVar [[s.UseBackgroundLevelStreaming:1]]
LogConfig: Setting CVar [[s.PriorityAsyncLoadingExtraTime:15.0]]
LogConfig: Setting CVar [[s.LevelStreamingActorsUpdateTimeLimit:5.0]]
LogConfig: Setting CVar [[s.PriorityLevelStreamingActorsUpdateExtraTime:5.0]]
LogConfig: Setting CVar [[s.LevelStreamingComponentsRegistrationGranularity:10]]
LogConfig: Setting CVar [[s.UnregisterComponentsTimeLimit:1.0]]
LogConfig: Setting CVar [[s.LevelStreamingComponentsUnregistrationGranularity:5]]
LogConfig: Setting CVar [[s.FlushStreamingOnExit:1]]
LogInit: Object subsystem initialized
LogConfig: Setting CVar [[con.DebugEarlyDefault:1]]
LogConfig: Setting CVar [[r.setres:1280x720]]
[2021.12.16-00.12.40:684][  0]LogConfig: Setting CVar [[r.VSync:0]]
[2021.12.16-00.12.40:684][  0]LogConfig: Setting CVar [[r.RHICmdBypass:0]]
[2021.12.16-00.12.40:684][  0]LogConfig: Applying CVar settings from Section [/Script/Engine.RendererSettings] File [C:/Users/pttin/Documents/GitHub/CS498GD-Final-MP/CS498_Final_Project/Saved/Config/Windows/Engine.ini]
[2021.12.16-00.12.40:684][  0]LogConfig: Setting CVar [[r.GPUCrashDebugging:0]]
[2021.12.16-00.12.40:684][  0]LogConfig: Setting CVar [[r.MobileHDR:0]]
[2021.12.16-00.12.40:684][  0]LogConfig: Applying CVar settings from Section [/Script/Engine.RendererOverrideSettings] File [C:/Users/pttin/Documents/GitHub/CS498GD-Final-MP/CS498_Final_Project/Saved/Config/Windows/Engine.ini]
[2021.12.16-00.12.40:684][  0]LogConfig: Applying CVar settings from Section [/Script/Engine.StreamingSettings] File [C:/Users/pttin/Documents/GitHub/CS498GD-Final-MP/CS498_Final_Project/Saved/Config/Windows/Engine.ini]
[2021.12.16-00.12.40:684][  0]LogConfig: Setting CVar [[s.MinBulkDataSizeForAsyncLoading:131072]]
[2021.12.16-00.12.40:684][  0]LogConfig: Setting CVar [[s.AsyncLoadingThreadEnabled:0]]
[2021.12.16-00.12.40:684][  0]LogConfig: Setting CVar [[s.EventDrivenLoaderEnabled:1]]
[2021.12.16-00.12.40:684][  0]LogConfig: Setting CVar [[s.WarnIfTimeLimitExceeded:0]]
[2021.12.16-00.12.40:684][  0]LogConfig: Setting CVar [[s.TimeLimitExceededMultiplier:1.5]]
[2021.12.16-00.12.40:684][  0]LogConfig: Setting CVar [[s.TimeLimitExceededMinTime:0.005]]
[2021.12.16-00.12.40:684][  0]LogConfig: Setting CVar [[s.UseBackgroundLevelStreaming:1]]
[2021.12.16-00.12.40:684][  0]LogConfig: Setting CVar [[s.PriorityAsyncLoadingExtraTime:15.0]]
[2021.12.16-00.12.40:684][  0]LogConfig: Setting CVar [[s.LevelStreamingActorsUpdateTimeLimit:5.0]]
[2021.12.16-00.12.40:684][  0]LogConfig: Setting CVar [[s.PriorityLevelStreamingActorsUpdateExtraTime:5.0]]
[2021.12.16-00.12.40:685][  0]LogConfig: Setting CVar [[s.LevelStreamingComponentsRegistrationGranularity:10]]
[2021.12.16-00.12.40:685][  0]LogConfig: Setting CVar [[s.UnregisterComponentsTimeLimit:1.0]]
[2021.12.16-00.12.40:685][  0]LogConfig: Setting CVar [[s.LevelStreamingComponentsUnregistrationGranularity:5]]
[2021.12.16-00.12.40:685][  0]LogConfig: Setting CVar [[s.FlushStreamingOnExit:1]]
[2021.12.16-00.12.40:685][  0]LogConfig: Applying CVar settings from Section [/Script/Engine.GarbageCollectionSettings] File [C:/Users/pttin/Documents/GitHub/CS498GD-Final-MP/CS498_Final_Project/Saved/Config/Windows/Engine.ini]
[2021.12.16-00.12.40:685][  0]LogConfig: Setting CVar [[gc.MaxObjectsNotConsideredByGC:1]]
[2021.12.16-00.12.40:685][  0]LogConfig: Setting CVar [[gc.SizeOfPermanentObjectPool:0]]
[2021.12.16-00.12.40:685][  0]LogConfig: Setting CVar [[gc.FlushStreamingOnGC:0]]
[2021.12.16-00.12.40:685][  0]LogConfig: Setting CVar [[gc.NumRetriesBeforeForcingGC:10]]
[2021.12.16-00.12.40:685][  0]LogConfig: Setting CVar [[gc.AllowParallelGC:1]]
[2021.12.16-00.12.40:685][  0]LogConfig: Setting CVar [[gc.TimeBetweenPurgingPendingKillObjects:61.1]]
[2021.12.16-00.12.40:685][  0]LogConfig: Setting CVar [[gc.MaxObjectsInEditor:25165824]]
[2021.12.16-00.12.40:685][  0]LogConfig: Setting CVar [[gc.IncrementalBeginDestroyEnabled:1]]
[2021.12.16-00.12.40:685][  0]LogConfig: Setting CVar [[gc.CreateGCClusters:1]]
[2021.12.16-00.12.40:685][  0]LogConfig: Setting CVar [[gc.MinGCClusterSize:5]]
[2021.12.16-00.12.40:685][  0]LogConfig: Setting CVar [[gc.ActorClusteringEnabled:0]]
[2021.12.16-00.12.40:685][  0]LogConfig: Setting CVar [[gc.BlueprintClusteringEnabled:0]]
[2021.12.16-00.12.40:685][  0]LogConfig: Setting CVar [[gc.UseDisregardForGCOnDedicatedServers:0]]
[2021.12.16-00.12.40:685][  0]LogConfig: Setting CVar [[gc.MultithreadedDestructionEnabled:1]]
[2021.12.16-00.12.40:685][  0]LogConfig: Applying CVar settings from Section [/Script/Engine.NetworkSettings] File [C:/Users/pttin/Documents/GitHub/CS498GD-Final-MP/CS498_Final_Project/Saved/Config/Windows/Engine.ini]
[2021.12.16-00.12.40:685][  0]LogConfig: Applying CVar settings from Section [/Script/UnrealEd.CookerSettings] File [C:/Users/pttin/Documents/GitHub/CS498GD-Final-MP/CS498_Final_Project/Saved/Config/Windows/Engine.ini]
[2021.12.16-00.12.40:708][  0]LogConfig: Applying CVar settings from Section [ViewDistanceQuality@3] File [C:/Users/pttin/Documents/GitHub/CS498GD-Final-MP/CS498_Final_Project/Saved/Config/Windows/Scalability.ini]
[2021.12.16-00.12.40:708][  0]LogConfig: Setting CVar [[r.SkeletalMeshLODBias:0]]
[2021.12.16-00.12.40:708][  0]LogConfig: Setting CVar [[r.ViewDistanceScale:1.0]]
[2021.12.16-00.12.40:708][  0]LogConfig: Applying CVar settings from Section [AntiAliasingQuality@3] File [C:/Users/pttin/Documents/GitHub/CS498GD-Final-MP/CS498_Final_Project/Saved/Config/Windows/Scalability.ini]
[2021.12.16-00.12.40:708][  0]LogConfig: Setting CVar [[r.PostProcessAAQuality:4]]
[2021.12.16-00.12.40:708][  0]LogConfig: Applying CVar settings from Section [ShadowQuality@3] File [C:/Users/pttin/Documents/GitHub/CS498GD-Final-MP/CS498_Final_Project/Saved/Config/Windows/Scalability.ini]
[2021.12.16-00.12.40:708][  0]LogConfig: Setting CVar [[r.LightFunctionQuality:1]]
[2021.12.16-00.12.40:708][  0]LogConfig: Setting CVar [[r.ShadowQuality:5]]
[2021.12.16-00.12.40:708][  0]LogConfig: Setting CVar [[r.Shadow.CSM.MaxCascades:10]]
[2021.12.16-00.12.40:708][  0]LogConfig: Setting CVar [[r.Shadow.MaxResolution:2048]]
[2021.12.16-00.12.40:708][  0]LogConfig: Setting CVar [[r.Shadow.MaxCSMResolution:2048]]
[2021.12.16-00.12.40:708][  0]LogConfig: Setting CVar [[r.Shadow.RadiusThreshold:0.01]]
[2021.12.16-00.12.40:708][  0]LogConfig: Setting CVar [[r.Shadow.DistanceScale:1.0]]
[2021.12.16-00.12.40:708][  0]LogConfig: Setting CVar [[r.Shadow.CSM.TransitionScale:1.0]]
[2021.12.16-00.12.40:708][  0]LogConfig: Setting CVar [[r.Shadow.PreShadowResolutionFactor:1.0]]
[2021.12.16-00.12.40:708][  0]LogConfig: Setting CVar [[r.DistanceFieldShadowing:1]]
[2021.12.16-00.12.40:708][  0]LogConfig: Setting CVar [[r.DistanceFieldAO:1]]
[2021.12.16-00.12.40:708][  0]LogConfig: Setting CVar [[r.AOQuality:2]]
[2021.12.16-00.12.40:708][  0]LogConfig: Setting CVar [[r.VolumetricFog:1]]
[2021.12.16-00.12.40:708][  0]LogConfig: Setting CVar [[r.VolumetricFog.GridPixelSize:8]]
[2021.12.16-00.12.40:708][  0]LogConfig: Setting CVar [[r.VolumetricFog.GridSizeZ:128]]
[2021.12.16-00.12.40:708][  0]LogConfig: Setting CVar [[r.VolumetricFog.HistoryMissSupersampleCount:4]]
[2021.12.16-00.12.40:708][  0]LogConfig: Setting CVar [[r.LightMaxDrawDistanceScale:1]]
[2021.12.16-00.12.40:708][  0]LogConfig: Setting CVar [[r.CapsuleShadows:1]]
[2021.12.16-00.12.40:708][  0]LogConfig: Applying CVar settings from Section [PostProcessQuality@3] File [C:/Users/pttin/Documents/GitHub/CS498GD-Final-MP/CS498_Final_Project/Saved/Config/Windows/Scalability.ini]
[2021.12.16-00.12.40:708][  0]LogConfig: Setting CVar [[r.MotionBlurQuality:4]]
[2021.12.16-00.12.40:708][  0]LogConfig: Setting CVar [[r.AmbientOcclusionMipLevelFactor:0.4]]
[2021.12.16-00.12.40:708][  0]LogConfig: Setting CVar [[r.AmbientOcclusionMaxQuality:100]]
[2021.12.16-00.12.40:708][  0]LogConfig: Setting CVar [[r.AmbientOcclusionLevels:-1]]
[2021.12.16-00.12.40:708][  0]LogConfig: Setting CVar [[r.AmbientOcclusionRadiusScale:1.0]]
[2021.12.16-00.12.40:708][  0]LogConfig: Setting CVar [[r.DepthOfFieldQuality:2]]
[2021.12.16-00.12.40:708][  0]LogConfig: Setting CVar [[r.RenderTargetPoolMin:400]]
[2021.12.16-00.12.40:708][  0]LogConfig: Setting CVar [[r.LensFlareQuality:2]]
[2021.12.16-00.12.40:708][  0]LogConfig: Setting CVar [[r.SceneColorFringeQuality:1]]
[2021.12.16-00.12.40:708][  0]LogConfig: Setting CVar [[r.EyeAdaptationQuality:2]]
[2021.12.16-00.12.40:708][  0]LogConfig: Setting CVar [[r.BloomQuality:5]]
[2021.12.16-00.12.40:708][  0]LogConfig: Setting CVar [[r.FastBlurThreshold:100]]
[2021.12.16-00.12.40:708][  0]LogConfig: Setting CVar [[r.Upscale.Quality:3]]
[2021.12.16-00.12.40:708][  0]LogConfig: Setting CVar [[r.Tonemapper.GrainQuantization:1]]
[2021.12.16-00.12.40:708][  0]LogConfig: Setting CVar [[r.LightShaftQuality:1]]
[2021.12.16-00.12.40:708][  0]LogConfig: Setting CVar [[r.Filter.SizeScale:1]]
[2021.12.16-00.12.40:708][  0]LogConfig: Setting CVar [[r.Tonemapper.Quality:5]]
[2021.12.16-00.12.40:708][  0]LogConfig: Setting CVar [[r.DOF.Gather.AccumulatorQuality:1        ; higher gathering accumulator quality]]
[2021.12.16-00.12.40:708][  0]LogConfig: Setting CVar [[r.DOF.Gather.PostfilterMethod:1          ; Median3x3 postfilering method]]
[2021.12.16-00.12.40:708][  0]LogConfig: Setting CVar [[r.DOF.Gather.EnableBokehSettings:0       ; no bokeh simulation when gathering]]
[2021.12.16-00.12.40:708][  0]LogConfig: Setting CVar [[r.DOF.Gather.RingCount:4                 ; medium number of samples when gathering]]
[2021.12.16-00.12.40:708][  0]LogConfig: Setting CVar [[r.DOF.Scatter.ForegroundCompositing:1    ; additive foreground scattering]]
[2021.12.16-00.12.40:708][  0]LogConfig: Setting CVar [[r.DOF.Scatter.BackgroundCompositing:2    ; additive background scattering]]
[2021.12.16-00.12.40:708][  0]LogConfig: Setting CVar [[r.DOF.Scatter.EnableBokehSettings:1      ; bokeh simulation when scattering]]
[2021.12.16-00.12.40:708][  0]LogConfig: Setting CVar [[r.DOF.Scatter.MaxSpriteRatio:0.1         ; only a maximum of 10% of scattered bokeh]]
[2021.12.16-00.12.40:708][  0]LogConfig: Setting CVar [[r.DOF.Recombine.Quality:1                ; cheap slight out of focus]]
[2021.12.16-00.12.40:708][  0]LogConfig: Setting CVar [[r.DOF.Recombine.EnableBokehSettings:0    ; no bokeh simulation on slight out of focus]]
[2021.12.16-00.12.40:708][  0]LogConfig: Setting CVar [[r.DOF.TemporalAAQuality:1                ; more stable temporal accumulation]]
[2021.12.16-00.12.40:708][  0]LogConfig: Setting CVar [[r.DOF.Kernel.MaxForegroundRadius:0.025]]
[2021.12.16-00.12.40:708][  0]LogConfig: Setting CVar [[r.DOF.Kernel.MaxBackgroundRadius:0.025]]
[2021.12.16-00.12.40:708][  0]LogConfig: Applying CVar settings from Section [TextureQuality@3] File [C:/Users/pttin/Documents/GitHub/CS498GD-Final-MP/CS498_Final_Project/Saved/Config/Windows/Scalability.ini]
[2021.12.16-00.12.40:708][  0]LogConfig: Setting CVar [[r.Streaming.MipBias:0]]
[2021.12.16-00.12.40:708][  0]LogConfig: Setting CVar [[r.Streaming.AmortizeCPUToGPUCopy:0]]
[2021.12.16-00.12.40:708][  0]LogConfig: Setting CVar [[r.Streaming.MaxNumTexturesToStreamPerFrame:0]]
[2021.12.16-00.12.40:708][  0]LogConfig: Setting CVar [[r.Streaming.Boost:1]]
[2021.12.16-00.12.40:708][  0]LogConfig: Setting CVar [[r.MaxAnisotropy:8]]
[2021.12.16-00.12.40:708][  0]LogConfig: Setting CVar [[r.VT.MaxAnisotropy:8]]
[2021.12.16-00.12.40:708][  0]LogConfig: Setting CVar [[r.Streaming.LimitPoolSizeToVRAM:0]]
[2021.12.16-00.12.40:708][  0]LogConfig: Setting CVar [[r.Streaming.PoolSize:1000]]
[2021.12.16-00.12.40:708][  0]LogConfig: Setting CVar [[r.Streaming.MaxEffectiveScreenSize:0]]
[2021.12.16-00.12.40:708][  0]LogConfig: Applying CVar settings from Section [EffectsQuality@3] File [C:/Users/pttin/Documents/GitHub/CS498GD-Final-MP/CS498_Final_Project/Saved/Config/Windows/Scalability.ini]
[2021.12.16-00.12.40:708][  0]LogConfig: Setting CVar [[r.TranslucencyLightingVolumeDim:64]]
[2021.12.16-00.12.40:708][  0]LogConfig: Setting CVar [[r.RefractionQuality:2]]
[2021.12.16-00.12.40:708][  0]LogConfig: Setting CVar [[r.SSR.Quality:3]]
[2021.12.16-00.12.40:708][  0]LogConfig: Setting CVar [[r.SSR.HalfResSceneColor:0]]
[2021.12.16-00.12.40:709][  0]LogConfig: Setting CVar [[r.SceneColorFormat:4]]
[2021.12.16-00.12.40:709][  0]LogConfig: Setting CVar [[r.DetailMode:2]]
[2021.12.16-00.12.40:709][  0]LogConfig: Setting CVar [[r.TranslucencyVolumeBlur:1]]
[2021.12.16-00.12.40:709][  0]LogConfig: Setting CVar [[r.MaterialQualityLevel:1 ; High quality]]
[2021.12.16-00.12.40:709][  0]LogConfig: Setting CVar [[r.AnisotropicMaterials:1]]
[2021.12.16-00.12.40:709][  0]LogConfig: Setting CVar [[r.SSS.Scale:1]]
[2021.12.16-00.12.40:709][  0]LogConfig: Setting CVar [[r.SSS.SampleSet:2]]
[2021.12.16-00.12.40:709][  0]LogConfig: Setting CVar [[r.SSS.Quality:1]]
[2021.12.16-00.12.40:709][  0]LogConfig: Setting CVar [[r.SSS.HalfRes:0]]
[2021.12.16-00.12.40:709][  0]LogConfig: Setting CVar [[r.SSGI.Quality:3]]
[2021.12.16-00.12.40:709][  0]LogConfig: Setting CVar [[r.EmitterSpawnRateScale:1.0]]
[2021.12.16-00.12.40:709][  0]LogConfig: Setting CVar [[r.ParticleLightQuality:2]]
[2021.12.16-00.12.40:709][  0]LogConfig: Setting CVar [[r.SkyAtmosphere.AerialPerspectiveLUT.FastApplyOnOpaque:1 ; Always have FastSkyLUT 1 in this case to avoid wrong sky]]
[2021.12.16-00.12.40:709][  0]LogConfig: Setting CVar [[r.SkyAtmosphere.AerialPerspectiveLUT.SampleCountMaxPerSlice:4]]
[2021.12.16-00.12.40:709][  0]LogConfig: Setting CVar [[r.SkyAtmosphere.AerialPerspectiveLUT.DepthResolution:16.0]]
[2021.12.16-00.12.40:709][  0]LogConfig: Setting CVar [[r.SkyAtmosphere.FastSkyLUT:1]]
[2021.12.16-00.12.40:709][  0]LogConfig: Setting CVar [[r.SkyAtmosphere.FastSkyLUT.SampleCountMin:4.0]]
[2021.12.16-00.12.40:709][  0]LogConfig: Setting CVar [[r.SkyAtmosphere.FastSkyLUT.SampleCountMax:128.0]]
[2021.12.16-00.12.40:709][  0]LogConfig: Setting CVar [[r.SkyAtmosphere.SampleCountMin:4.0]]
[2021.12.16-00.12.40:709][  0]LogConfig: Setting CVar [[r.SkyAtmosphere.SampleCountMax:128.0]]
[2021.12.16-00.12.40:709][  0]LogConfig: Setting CVar [[r.SkyAtmosphere.TransmittanceLUT.UseSmallFormat:0]]
[2021.12.16-00.12.40:709][  0]LogConfig: Setting CVar [[r.SkyAtmosphere.TransmittanceLUT.SampleCount:10.0]]
[2021.12.16-00.12.40:709][  0]LogConfig: Setting CVar [[r.SkyAtmosphere.MultiScatteringLUT.SampleCount:15.0]]
[2021.12.16-00.12.40:709][  0]LogConfig: Setting CVar [[r.SkyLight.RealTimeReflectionCapture:1]]
[2021.12.16-00.12.40:709][  0]LogConfig: Applying CVar settings from Section [FoliageQuality@3] File [C:/Users/pttin/Documents/GitHub/CS498GD-Final-MP/CS498_Final_Project/Saved/Config/Windows/Scalability.ini]
[2021.12.16-00.12.40:709][  0]LogConfig: Setting CVar [[foliage.DensityScale:1.0]]
[2021.12.16-00.12.40:709][  0]LogConfig: Setting CVar [[grass.DensityScale:1.0]]
[2021.12.16-00.12.40:709][  0]LogConfig: Applying CVar settings from Section [ShadingQuality@3] File [C:/Users/pttin/Documents/GitHub/CS498GD-Final-MP/CS498_Final_Project/Saved/Config/Windows/Scalability.ini]
[2021.12.16-00.12.40:709][  0]LogConfig: Setting CVar [[r.HairStrands.SkyLighting.IntegrationType:2]]
[2021.12.16-00.12.40:709][  0]LogConfig: Setting CVar [[r.HairStrands.SkyAO.SampleCount:4]]
[2021.12.16-00.12.40:709][  0]LogConfig: Setting CVar [[r.HairStrands.Visibility.MSAA.SamplePerPixel:4]]
[2021.12.16-00.12.40:709][  0]LogInit: Selected Device Profile: [Windows]
[2021.12.16-00.12.40:709][  0]LogInit: Applying CVar settings loaded from the selected device profile: [Windows]
[2021.12.16-00.12.40:709][  0]LogHAL: Display: Platform has ~ 20 GB [21208174592 / 34359738368 / 20], which maps to Larger [LargestMinGB=32, LargerMinGB=12, DefaultMinGB=8, SmallerMinGB=6, SmallestMinGB=0)
[2021.12.16-00.12.40:709][  0]LogInit: Going up to parent DeviceProfile []
[2021.12.16-00.12.40:709][  0]LogConfig: Applying CVar settings from Section [ViewDistanceQuality@3] File [C:/Users/pttin/Documents/GitHub/CS498GD-Final-MP/CS498_Final_Project/Saved/Config/Windows/Scalability.ini]
[2021.12.16-00.12.40:709][  0]LogConfig: Setting CVar [[r.SkeletalMeshLODBias:0]]
[2021.12.16-00.12.40:709][  0]LogConfig: Setting CVar [[r.ViewDistanceScale:1.0]]
[2021.12.16-00.12.40:709][  0]LogConfig: Applying CVar settings from Section [AntiAliasingQuality@3] File [C:/Users/pttin/Documents/GitHub/CS498GD-Final-MP/CS498_Final_Project/Saved/Config/Windows/Scalability.ini]
[2021.12.16-00.12.40:709][  0]LogConfig: Setting CVar [[r.PostProcessAAQuality:4]]
[2021.12.16-00.12.40:709][  0]LogConfig: Applying CVar settings from Section [ShadowQuality@3] File [C:/Users/pttin/Documents/GitHub/CS498GD-Final-MP/CS498_Final_Project/Saved/Config/Windows/Scalability.ini]
[2021.12.16-00.12.40:709][  0]LogConfig: Setting CVar [[r.LightFunctionQuality:1]]
[2021.12.16-00.12.40:709][  0]LogConfig: Setting CVar [[r.ShadowQuality:5]]
[2021.12.16-00.12.40:709][  0]LogConfig: Setting CVar [[r.Shadow.CSM.MaxCascades:10]]
[2021.12.16-00.12.40:709][  0]LogConfig: Setting CVar [[r.Shadow.MaxResolution:2048]]
[2021.12.16-00.12.40:709][  0]LogConfig: Setting CVar [[r.Shadow.MaxCSMResolution:2048]]
[2021.12.16-00.12.40:709][  0]LogConfig: Setting CVar [[r.Shadow.RadiusThreshold:0.01]]
[2021.12.16-00.12.40:709][  0]LogConfig: Setting CVar [[r.Shadow.DistanceScale:1.0]]
[2021.12.16-00.12.40:709][  0]LogConfig: Setting CVar [[r.Shadow.CSM.TransitionScale:1.0]]
[2021.12.16-00.12.40:709][  0]LogConfig: Setting CVar [[r.Shadow.PreShadowResolutionFactor:1.0]]
[2021.12.16-00.12.40:709][  0]LogConfig: Setting CVar [[r.DistanceFieldShadowing:1]]
[2021.12.16-00.12.40:709][  0]LogConfig: Setting CVar [[r.DistanceFieldAO:1]]
[2021.12.16-00.12.40:709][  0]LogConfig: Setting CVar [[r.AOQuality:2]]
[2021.12.16-00.12.40:709][  0]LogConfig: Setting CVar [[r.VolumetricFog:1]]
[2021.12.16-00.12.40:709][  0]LogConfig: Setting CVar [[r.VolumetricFog.GridPixelSize:8]]
[2021.12.16-00.12.40:709][  0]LogConfig: Setting CVar [[r.VolumetricFog.GridSizeZ:128]]
[2021.12.16-00.12.40:709][  0]LogConfig: Setting CVar [[r.VolumetricFog.HistoryMissSupersampleCount:4]]
[2021.12.16-00.12.40:709][  0]LogConfig: Setting CVar [[r.LightMaxDrawDistanceScale:1]]
[2021.12.16-00.12.40:709][  0]LogConfig: Setting CVar [[r.CapsuleShadows:1]]
[2021.12.16-00.12.40:709][  0]LogConfig: Applying CVar settings from Section [PostProcessQuality@3] File [C:/Users/pttin/Documents/GitHub/CS498GD-Final-MP/CS498_Final_Project/Saved/Config/Windows/Scalability.ini]
[2021.12.16-00.12.40:709][  0]LogConfig: Setting CVar [[r.MotionBlurQuality:4]]
[2021.12.16-00.12.40:709][  0]LogConfig: Setting CVar [[r.AmbientOcclusionMipLevelFactor:0.4]]
[2021.12.16-00.12.40:709][  0]LogConfig: Setting CVar [[r.AmbientOcclusionMaxQuality:100]]
[2021.12.16-00.12.40:709][  0]LogConfig: Setting CVar [[r.AmbientOcclusionLevels:-1]]
[2021.12.16-00.12.40:709][  0]LogConfig: Setting CVar [[r.AmbientOcclusionRadiusScale:1.0]]
[2021.12.16-00.12.40:709][  0]LogConfig: Setting CVar [[r.DepthOfFieldQuality:2]]
[2021.12.16-00.12.40:709][  0]LogConfig: Setting CVar [[r.RenderTargetPoolMin:400]]
[2021.12.16-00.12.40:709][  0]LogConfig: Setting CVar [[r.LensFlareQuality:2]]
[2021.12.16-00.12.40:709][  0]LogConfig: Setting CVar [[r.SceneColorFringeQuality:1]]
[2021.12.16-00.12.40:709][  0]LogConfig: Setting CVar [[r.EyeAdaptationQuality:2]]
[2021.12.16-00.12.40:709][  0]LogConfig: Setting CVar [[r.BloomQuality:5]]
[2021.12.16-00.12.40:709][  0]LogConfig: Setting CVar [[r.FastBlurThreshold:100]]
[2021.12.16-00.12.40:709][  0]LogConfig: Setting CVar [[r.Upscale.Quality:3]]
[2021.12.16-00.12.40:709][  0]LogConfig: Setting CVar [[r.Tonemapper.GrainQuantization:1]]
[2021.12.16-00.12.40:709][  0]LogConfig: Setting CVar [[r.LightShaftQuality:1]]
[2021.12.16-00.12.40:709][  0]LogConfig: Setting CVar [[r.Filter.SizeScale:1]]
[2021.12.16-00.12.40:709][  0]LogConfig: Setting CVar [[r.Tonemapper.Quality:5]]
[2021.12.16-00.12.40:709][  0]LogConfig: Setting CVar [[r.DOF.Gather.AccumulatorQuality:1        ; higher gathering accumulator quality]]
[2021.12.16-00.12.40:709][  0]LogConfig: Setting CVar [[r.DOF.Gather.PostfilterMethod:1          ; Median3x3 postfilering method]]
[2021.12.16-00.12.40:709][  0]LogConfig: Setting CVar [[r.DOF.Gather.EnableBokehSettings:0       ; no bokeh simulation when gathering]]
[2021.12.16-00.12.40:709][  0]LogConfig: Setting CVar [[r.DOF.Gather.RingCount:4                 ; medium number of samples when gathering]]
[2021.12.16-00.12.40:709][  0]LogConfig: Setting CVar [[r.DOF.Scatter.ForegroundCompositing:1    ; additive foreground scattering]]
[2021.12.16-00.12.40:709][  0]LogConfig: Setting CVar [[r.DOF.Scatter.BackgroundCompositing:2    ; additive background scattering]]
[2021.12.16-00.12.40:709][  0]LogConfig: Setting CVar [[r.DOF.Scatter.EnableBokehSettings:1      ; bokeh simulation when scattering]]
[2021.12.16-00.12.40:709][  0]LogConfig: Setting CVar [[r.DOF.Scatter.MaxSpriteRatio:0.1         ; only a maximum of 10% of scattered bokeh]]
[2021.12.16-00.12.40:709][  0]LogConfig: Setting CVar [[r.DOF.Recombine.Quality:1                ; cheap slight out of focus]]
[2021.12.16-00.12.40:709][  0]LogConfig: Setting CVar [[r.DOF.Recombine.EnableBokehSettings:0    ; no bokeh simulation on slight out of focus]]
[2021.12.16-00.12.40:709][  0]LogConfig: Setting CVar [[r.DOF.TemporalAAQuality:1                ; more stable temporal accumulation]]
[2021.12.16-00.12.40:709][  0]LogConfig: Setting CVar [[r.DOF.Kernel.MaxForegroundRadius:0.025]]
[2021.12.16-00.12.40:709][  0]LogConfig: Setting CVar [[r.DOF.Kernel.MaxBackgroundRadius:0.025]]
[2021.12.16-00.12.40:709][  0]LogConfig: Applying CVar settings from Section [TextureQuality@3] File [C:/Users/pttin/Documents/GitHub/CS498GD-Final-MP/CS498_Final_Project/Saved/Config/Windows/Scalability.ini]
[2021.12.16-00.12.40:709][  0]LogConfig: Setting CVar [[r.Streaming.MipBias:0]]
[2021.12.16-00.12.40:709][  0]LogConfig: Setting CVar [[r.Streaming.AmortizeCPUToGPUCopy:0]]
[2021.12.16-00.12.40:709][  0]LogConfig: Setting CVar [[r.Streaming.MaxNumTexturesToStreamPerFrame:0]]
[2021.12.16-00.12.40:709][  0]LogConfig: Setting CVar [[r.Streaming.Boost:1]]
[2021.12.16-00.12.40:709][  0]LogConfig: Setting CVar [[r.MaxAnisotropy:8]]
[2021.12.16-00.12.40:709][  0]LogConfig: Setting CVar [[r.VT.MaxAnisotropy:8]]
[2021.12.16-00.12.40:709][  0]LogConfig: Setting CVar [[r.Streaming.LimitPoolSizeToVRAM:0]]
[2021.12.16-00.12.40:709][  0]LogConfig: Setting CVar [[r.Streaming.PoolSize:1000]]
[2021.12.16-00.12.40:709][  0]LogConfig: Setting CVar [[r.Streaming.MaxEffectiveScreenSize:0]]
[2021.12.16-00.12.40:709][  0]LogConfig: Applying CVar settings from Section [EffectsQuality@3] File [C:/Users/pttin/Documents/GitHub/CS498GD-Final-MP/CS498_Final_Project/Saved/Config/Windows/Scalability.ini]
[2021.12.16-00.12.40:709][  0]LogConfig: Setting CVar [[r.TranslucencyLightingVolumeDim:64]]
[2021.12.16-00.12.40:709][  0]LogConfig: Setting CVar [[r.RefractionQuality:2]]
[2021.12.16-00.12.40:710][  0]LogConfig: Setting CVar [[r.SSR.Quality:3]]
[2021.12.16-00.12.40:710][  0]LogConfig: Setting CVar [[r.SSR.HalfResSceneColor:0]]
[2021.12.16-00.12.40:710][  0]LogConfig: Setting CVar [[r.SceneColorFormat:4]]
[2021.12.16-00.12.40:710][  0]LogConfig: Setting CVar [[r.DetailMode:2]]
[2021.12.16-00.12.40:710][  0]LogConfig: Setting CVar [[r.TranslucencyVolumeBlur:1]]
[2021.12.16-00.12.40:710][  0]LogConfig: Setting CVar [[r.MaterialQualityLevel:1 ; High quality]]
[2021.12.16-00.12.40:710][  0]LogConfig: Setting CVar [[r.AnisotropicMaterials:1]]
[2021.12.16-00.12.40:710][  0]LogConfig: Setting CVar [[r.SSS.Scale:1]]
[2021.12.16-00.12.40:710][  0]LogConfig: Setting CVar [[r.SSS.SampleSet:2]]
[2021.12.16-00.12.40:710][  0]LogConfig: Setting CVar [[r.SSS.Quality:1]]
[2021.12.16-00.12.40:710][  0]LogConfig: Setting CVar [[r.SSS.HalfRes:0]]
[2021.12.16-00.12.40:710][  0]LogConfig: Setting CVar [[r.SSGI.Quality:3]]
[2021.12.16-00.12.40:710][  0]LogConfig: Setting CVar [[r.EmitterSpawnRateScale:1.0]]
[2021.12.16-00.12.40:710][  0]LogConfig: Setting CVar [[r.ParticleLightQuality:2]]
[2021.12.16-00.12.40:710][  0]LogConfig: Setting CVar [[r.SkyAtmosphere.AerialPerspectiveLUT.FastApplyOnOpaque:1 ; Always have FastSkyLUT 1 in this case to avoid wrong sky]]
[2021.12.16-00.12.40:710][  0]LogConfig: Setting CVar [[r.SkyAtmosphere.AerialPerspectiveLUT.SampleCountMaxPerSlice:4]]
[2021.12.16-00.12.40:710][  0]LogConfig: Setting CVar [[r.SkyAtmosphere.AerialPerspectiveLUT.DepthResolution:16.0]]
[2021.12.16-00.12.40:710][  0]LogConfig: Setting CVar [[r.SkyAtmosphere.FastSkyLUT:1]]
[2021.12.16-00.12.40:710][  0]LogConfig: Setting CVar [[r.SkyAtmosphere.FastSkyLUT.SampleCountMin:4.0]]
[2021.12.16-00.12.40:710][  0]LogConfig: Setting CVar [[r.SkyAtmosphere.FastSkyLUT.SampleCountMax:128.0]]
[2021.12.16-00.12.40:710][  0]LogConfig: Setting CVar [[r.SkyAtmosphere.SampleCountMin:4.0]]
[2021.12.16-00.12.40:710][  0]LogConfig: Setting CVar [[r.SkyAtmosphere.SampleCountMax:128.0]]
[2021.12.16-00.12.40:710][  0]LogConfig: Setting CVar [[r.SkyAtmosphere.TransmittanceLUT.UseSmallFormat:0]]
[2021.12.16-00.12.40:710][  0]LogConfig: Setting CVar [[r.SkyAtmosphere.TransmittanceLUT.SampleCount:10.0]]
[2021.12.16-00.12.40:710][  0]LogConfig: Setting CVar [[r.SkyAtmosphere.MultiScatteringLUT.SampleCount:15.0]]
[2021.12.16-00.12.40:710][  0]LogConfig: Setting CVar [[r.SkyLight.RealTimeReflectionCapture:1]]
[2021.12.16-00.12.40:710][  0]LogConfig: Applying CVar settings from Section [FoliageQuality@3] File [C:/Users/pttin/Documents/GitHub/CS498GD-Final-MP/CS498_Final_Project/Saved/Config/Windows/Scalability.ini]
[2021.12.16-00.12.40:710][  0]LogConfig: Setting CVar [[foliage.DensityScale:1.0]]
[2021.12.16-00.12.40:710][  0]LogConfig: Setting CVar [[grass.DensityScale:1.0]]
[2021.12.16-00.12.40:710][  0]LogConfig: Applying CVar settings from Section [ShadingQuality@3] File [C:/Users/pttin/Documents/GitHub/CS498GD-Final-MP/CS498_Final_Project/Saved/Config/Windows/Scalability.ini]
[2021.12.16-00.12.40:710][  0]LogConfig: Setting CVar [[r.HairStrands.SkyLighting.IntegrationType:2]]
[2021.12.16-00.12.40:710][  0]LogConfig: Setting CVar [[r.HairStrands.SkyAO.SampleCount:4]]
[2021.12.16-00.12.40:710][  0]LogConfig: Setting CVar [[r.HairStrands.Visibility.MSAA.SamplePerPixel:4]]
[2021.12.16-00.12.40:710][  0]LogConfig: Applying CVar settings from Section [Startup] File [../../../Engine/Config/ConsoleVariables.ini]
[2021.12.16-00.12.40:710][  0]LogConfig: Setting CVar [[net.UseAdaptiveNetUpdateFrequency:0]]
[2021.12.16-00.12.40:710][  0]LogConfig: Setting CVar [[p.chaos.AllowCreatePhysxBodies:1]]
[2021.12.16-00.12.40:710][  0]LogConfig: Setting CVar [[fx.SkipVectorVMBackendOptimizations:1]]
[2021.12.16-00.12.40:710][  0]LogConfig: Applying CVar settings from Section [ConsoleVariables] File [C:/Users/pttin/Documents/GitHub/CS498GD-Final-MP/CS498_Final_Project/Saved/Config/Windows/Engine.ini]
[2021.12.16-00.12.40:710][  0]LogConfig: Applying CVar settings from Section [ConsoleVariables] File [C:/Users/pttin/Documents/GitHub/CS498GD-Final-MP/CS498_Final_Project/Saved/Config/Windows/Editor.ini]
[2021.12.16-00.12.40:710][  0]LogInit: Computer: DESKTOP-SRU89FF
[2021.12.16-00.12.40:710][  0]LogInit: User: pttin
[2021.12.16-00.12.40:710][  0]LogInit: CPU Page size=4096, Cores=6
[2021.12.16-00.12.40:710][  0]LogInit: High frequency timer resolution =10.000000 MHz
[2021.12.16-00.12.40:710][  0]LogMemory: Memory total: Physical=19.8GB (20GB approx)
[2021.12.16-00.12.40:710][  0]LogMemory: Platform Memory Stats for Windows
[2021.12.16-00.12.40:710][  0]LogMemory: Process Physical Memory: 146.11 MB used, 146.11 MB peak
[2021.12.16-00.12.40:710][  0]LogMemory: Process Virtual Memory: 129.93 MB used, 129.93 MB peak
[2021.12.16-00.12.40:710][  0]LogMemory: Physical Memory: 8778.81 MB used,  11446.88 MB free, 20225.69 MB total
[2021.12.16-00.12.40:710][  0]LogMemory: Virtual Memory: 134207056.00 MB used,  10668.77 MB free, 134217728.00 MB total
[2021.12.16-00.12.40:714][  0]LogWindows: WindowsPlatformFeatures enabled
[2021.12.16-00.12.40:746][  0]LogInit: Physics initialised using underlying interface: PhysX
[2021.12.16-00.12.40:746][  0]LogInit: Using OS detected language (en-US).
[2021.12.16-00.12.40:746][  0]LogInit: Using OS detected locale (en-US).
[2021.12.16-00.12.40:751][  0]LogTextLocalizationManager: No specific localization for 'en-US' exists, so the 'en' localization will be used.
[2021.12.16-00.12.40:899][  0]LogInit: Setting process to per monitor DPI aware
[2021.12.16-00.12.40:911][  0]LogWindowsTextInputMethodSystem: Display: IME system deactivated.
[2021.12.16-00.12.40:923][  0]LogSlate: New Slate User Created.  User Index 0, Is Virtual User: 0
[2021.12.16-00.12.40:923][  0]LogSlate: Slate User Registered.  User Index 0, Is Virtual User: 0
[2021.12.16-00.12.41:039][  0]LogD3D11RHI: Loaded GFSDK_Aftermath_Lib.x64.dll
[2021.12.16-00.12.41:050][  0]LogHMD: Failed to initialize OpenVR with code 110
[2021.12.16-00.12.41:050][  0]LogD3D11RHI: D3D11 min allowed feature level: 11_0
[2021.12.16-00.12.41:050][  0]LogD3D11RHI: D3D11 max allowed feature level: 11_0
[2021.12.16-00.12.41:050][  0]LogD3D11RHI: D3D11 adapters:
[2021.12.16-00.12.41:153][  0]LogD3D11RHI:    0. 'NVIDIA GeForce GTX 1650 Ti' (Feature Level 11_0)
[2021.12.16-00.12.41:153][  0]LogD3D11RHI:       3964/0/10112 MB DedicatedVideo/DedicatedSystem/SharedSystem, Outputs:1, VendorId:0x10de
[2021.12.16-00.12.41:173][  0]LogD3D11RHI:    1. 'Intel(R) UHD Graphics' (Feature Level 11_0)
[2021.12.16-00.12.41:173][  0]LogD3D11RHI:       128/0/10112 MB DedicatedVideo/DedicatedSystem/SharedSystem, Outputs:0, VendorId:0x8086
[2021.12.16-00.12.41:174][  0]LogD3D11RHI:    2. 'Microsoft Basic Render Driver' (Feature Level 11_0)
[2021.12.16-00.12.41:174][  0]LogD3D11RHI:       0/0/10112 MB DedicatedVideo/DedicatedSystem/SharedSystem, Outputs:0, VendorId:0x1414
[2021.12.16-00.12.41:174][  0]LogD3D11RHI: Chosen D3D11 Adapter:
[2021.12.16-00.12.41:174][  0]LogD3D11RHI:     Description : NVIDIA GeForce GTX 1650 Ti
[2021.12.16-00.12.41:174][  0]LogD3D11RHI:     VendorId    : 10de
[2021.12.16-00.12.41:174][  0]LogD3D11RHI:     DeviceId    : 1f95
[2021.12.16-00.12.41:174][  0]LogD3D11RHI:     SubSysId    : 97d1028
[2021.12.16-00.12.41:174][  0]LogD3D11RHI:     Revision    : 00a1
[2021.12.16-00.12.41:174][  0]LogD3D11RHI:     DedicatedVideoMemory : 4156555264 bytes
[2021.12.16-00.12.41:174][  0]LogD3D11RHI:     DedicatedSystemMemory : 0 bytes
[2021.12.16-00.12.41:174][  0]LogD3D11RHI:     SharedSystemMemory : 10604087296 bytes
[2021.12.16-00.12.41:174][  0]LogD3D11RHI:     AdapterLuid : 0 112615
[2021.12.16-00.12.41:180][  0]LogD3D11RHI: Creating new Direct3DDevice
[2021.12.16-00.12.41:180][  0]LogD3D11RHI:     GPU DeviceId: 0x1f95 (for the marketing name, search the web for "GPU Device Id")
[2021.12.16-00.12.41:180][  0]LogWindows: EnumDisplayDevices:
[2021.12.16-00.12.41:180][  0]LogWindows:    0. 'Intel(R) UHD Graphics' (P:1 D:1)
[2021.12.16-00.12.41:180][  0]LogWindows:    1. 'Intel(R) UHD Graphics' (P:0 D:0)
[2021.12.16-00.12.41:180][  0]LogWindows:    2. 'Intel(R) UHD Graphics' (P:0 D:0)
[2021.12.16-00.12.41:180][  0]LogWindows: DebugString: PrimaryIsNotTheChoosenAdapter PrimaryIsNotTheChoosenAdapter PrimaryIsNotTheChoosenAdapter FoundDriverCount:0 
[2021.12.16-00.12.41:180][  0]LogD3D11RHI:     Adapter Name: NVIDIA GeForce GTX 1650 Ti
[2021.12.16-00.12.41:180][  0]LogD3D11RHI:   Driver Version: Unknown (internal:Unknown, unified:Unknown)
[2021.12.16-00.12.41:180][  0]LogD3D11RHI:      Driver Date: Unknown
[2021.12.16-00.12.41:180][  0]LogRHI: Texture pool is 2774 MB (70% of 3964 MB)
[2021.12.16-00.12.41:180][  0]LogD3D11RHI: Creating D3DDevice using adapter:
[2021.12.16-00.12.41:180][  0]LogD3D11RHI:     Description : NVIDIA GeForce GTX 1650 Ti
[2021.12.16-00.12.41:180][  0]LogD3D11RHI:     VendorId    : 10de
[2021.12.16-00.12.41:180][  0]LogD3D11RHI:     DeviceId    : 1f95
[2021.12.16-00.12.41:180][  0]LogD3D11RHI:     SubSysId    : 97d1028
[2021.12.16-00.12.41:180][  0]LogD3D11RHI:     Revision    : 00a1
[2021.12.16-00.12.41:180][  0]LogD3D11RHI:     DedicatedVideoMemory : 4156555264 bytes
[2021.12.16-00.12.41:180][  0]LogD3D11RHI:     DedicatedSystemMemory : 0 bytes
[2021.12.16-00.12.41:180][  0]LogD3D11RHI:     SharedSystemMemory : 10604087296 bytes
[2021.12.16-00.12.41:180][  0]LogD3D11RHI:     AdapterLuid : 0 112615
[2021.12.16-00.12.41:251][  0]LogD3D11RHI: RHI has support for 64 bit atomics
[2021.12.16-00.12.41:251][  0]LogD3D11RHI: Async texture creation enabled
[2021.12.16-00.12.41:251][  0]LogD3D11RHI: Array index from any shader is supported
[2021.12.16-00.12.41:276][  0]LogD3D11RHI: GPU Timing Frequency: 1000.000000 (Debug: 2 2)
[2021.12.16-00.12.41:309][  0]LogRHI: GeForceNow SDK initialized: 1
[2021.12.16-00.12.41:526][  0]LogTargetPlatformManager: Display: Loaded TargetPlatform 'AllDesktop'
[2021.12.16-00.12.41:543][  0]LogTargetPlatformManager: Display: Loaded TargetPlatform 'Android'
[2021.12.16-00.12.41:543][  0]LogTargetPlatformManager: Display: Loaded TargetPlatform 'Android_ASTC'
[2021.12.16-00.12.41:543][  0]LogTargetPlatformManager: Display: Loaded TargetPlatform 'Android_DXT'
[2021.12.16-00.12.41:543][  0]LogTargetPlatformManager: Display: Loaded TargetPlatform 'Android_ETC2'
[2021.12.16-00.12.41:543][  0]LogTargetPlatformManager: Display: Loaded TargetPlatform 'AndroidClient'
[2021.12.16-00.12.41:543][  0]LogTargetPlatformManager: Display: Loaded TargetPlatform 'Android_ASTCClient'
[2021.12.16-00.12.41:543][  0]LogTargetPlatformManager: Display: Loaded TargetPlatform 'Android_DXTClient'
[2021.12.16-00.12.41:543][  0]LogTargetPlatformManager: Display: Loaded TargetPlatform 'Android_ETC2Client'
[2021.12.16-00.12.41:543][  0]LogTargetPlatformManager: Display: Loaded TargetPlatform 'Android_Multi'
[2021.12.16-00.12.41:543][  0]LogTargetPlatformManager: Display: Loaded TargetPlatform 'Android_MultiClient'
[2021.12.16-00.12.41:558][  0]LogTargetPlatformManager: Display: Loaded TargetPlatform 'IOSClient'
[2021.12.16-00.12.41:558][  0]LogTargetPlatformManager: Display: Loaded TargetPlatform 'IOS'
[2021.12.16-00.12.41:566][  0]LogTargetPlatformManager: Display: Loaded TargetPlatform 'Linux'
[2021.12.16-00.12.41:569][  0]LogTargetPlatformManager: Display: Loaded TargetPlatform 'LinuxNoEditor'
[2021.12.16-00.12.41:573][  0]LogTargetPlatformManager: Display: Loaded TargetPlatform 'LinuxClient'
[2021.12.16-00.12.41:576][  0]LogTargetPlatformManager: Display: Loaded TargetPlatform 'LinuxServer'
[2021.12.16-00.12.41:585][  0]LogTargetPlatformManager: Display: Loaded TargetPlatform 'LinuxAArch64NoEditor'
[2021.12.16-00.12.41:588][  0]LogTargetPlatformManager: Display: Loaded TargetPlatform 'LinuxAArch64Client'
[2021.12.16-00.12.41:592][  0]LogTargetPlatformManager: Display: Loaded TargetPlatform 'LinuxAArch64Server'
[2021.12.16-00.12.41:616][  0]LogTargetPlatformManager: Display: Loaded TargetPlatform 'Lumin'
[2021.12.16-00.12.41:616][  0]LogTargetPlatformManager: Display: Loaded TargetPlatform 'LuminClient'
[2021.12.16-00.12.41:622][  0]LogTargetPlatformManager: Display: Loaded TargetPlatform 'MacNoEditor'
[2021.12.16-00.12.41:625][  0]LogTargetPlatformManager: Display: Loaded TargetPlatform 'Mac'
[2021.12.16-00.12.41:628][  0]LogTargetPlatformManager: Display: Loaded TargetPlatform 'MacClient'
[2021.12.16-00.12.41:632][  0]LogTargetPlatformManager: Display: Loaded TargetPlatform 'MacServer'
[2021.12.16-00.12.41:640][  0]LogTargetPlatformManager: Display: Loaded TargetPlatform 'TVOSClient'
[2021.12.16-00.12.41:640][  0]LogTargetPlatformManager: Display: Loaded TargetPlatform 'TVOS'
[2021.12.16-00.12.41:649][  0]LogTargetPlatformManager: Display: Loaded TargetPlatform 'WindowsNoEditor'
[2021.12.16-00.12.41:652][  0]LogTargetPlatformManager: Display: Loaded TargetPlatform 'Windows'
[2021.12.16-00.12.41:655][  0]LogTargetPlatformManager: Display: Loaded TargetPlatform 'WindowsClient'
[2021.12.16-00.12.41:659][  0]LogTargetPlatformManager: Display: Loaded TargetPlatform 'WindowsServer'
[2021.12.16-00.12.41:659][  0]LogTargetPlatformManager: Display: Building Assets For Windows
[2021.12.16-00.12.41:664][  0]LogAudioDebug: Display: Lib vorbis DLL was dynamically loaded.
[2021.12.16-00.12.41:686][  0]LogTextureFormatOodle: Display: Oodle Texture 2.9.0 init RDO Off
[2021.12.16-00.12.41:706][  0]LogRendererCore: Ray tracing is disabled. Reason: r.RayTracing=0.
[2021.12.16-00.12.41:706][  0]LogShaderCompilers: Guid format shader working directory is -38 characters bigger than the processId version (../../../../../../Users/pttin/Documents/GitHub/CS498GD-Final-MP/CS498_Final_Project/Intermediate/Shaders/WorkingDirectory/13676/).
[2021.12.16-00.12.41:707][  0]LogShaderCompilers: Cleaned the shader compiler working directory 'C:/Users/pttin/AppData/Local/Temp/UnrealShaderWorkingDir/8C0099F34D8B1F26DECB6084FEDF37FC/'.
[2021.12.16-00.12.41:707][  0]LogXGEController: Cannot use XGE Controller as Incredibuild is not installed on this machine.
[2021.12.16-00.12.41:707][  0]LogShaderCompilers: Cannot use XGE Shader Compiler as Incredibuild is not installed on this machine.
[2021.12.16-00.12.41:707][  0]LogShaderCompilers: Display: Using Local Shader Compiler.
[2021.12.16-00.12.42:327][  0]LogDerivedDataCache: Display: Max Cache Size: 512 MB
[2021.12.16-00.12.42:379][  0]LogDerivedDataCache: Loaded boot cache 0.05s 94MB C:/Users/pttin/AppData/Local/UnrealEngine/4.27/DerivedDataCache/Boot.ddc.
[2021.12.16-00.12.42:380][  0]LogDerivedDataCache: Display: Loaded Boot cache: C:/Users/pttin/AppData/Local/UnrealEngine/4.27/DerivedDataCache/Boot.ddc
[2021.12.16-00.12.42:380][  0]LogDerivedDataCache: FDerivedDataBackendGraph:  Pak pak cache file ../../../../../../Users/pttin/Documents/GitHub/CS498GD-Final-MP/CS498_Final_Project/DerivedDataCache/DDC.ddp not found, will not use a pak cache.
[2021.12.16-00.12.42:380][  0]LogDerivedDataCache: Unable to find inner node Pak for hierarchical cache Hierarchy.
[2021.12.16-00.12.42:380][  0]LogDerivedDataCache: FDerivedDataBackendGraph:  CompressedPak pak cache file ../../../../../../Users/pttin/Documents/GitHub/CS498GD-Final-MP/CS498_Final_Project/DerivedDataCache/Compressed.ddp not found, will not use a pak cache.
[2021.12.16-00.12.42:380][  0]LogDerivedDataCache: Unable to find inner node CompressedPak for hierarchical cache Hierarchy.
[2021.12.16-00.12.42:393][  0]LogDerivedDataCache: Display: Pak cache opened for reading ../../../Engine/DerivedDataCache/Compressed.ddp.
[2021.12.16-00.12.42:393][  0]LogDerivedDataCache: FDerivedDataBackendGraph:  EnterprisePak pak cache file ../../../Enterprise/DerivedDataCache/Compressed.ddp not found, will not use a pak cache.
[2021.12.16-00.12.42:393][  0]LogDerivedDataCache: Unable to find inner node EnterprisePak for hierarchical cache Hierarchy.
[2021.12.16-00.12.42:403][  0]LogDerivedDataCache: Speed tests for C:/Users/pttin/AppData/Local/UnrealEngine/Common/DerivedDataCache took 0.01 seconds
[2021.12.16-00.12.42:403][  0]LogDerivedDataCache: Display: Performance to C:/Users/pttin/AppData/Local/UnrealEngine/Common/DerivedDataCache: Latency=0.02ms. RandomReadSpeed=292.28MBs, RandomWriteSpeed=146.99MBs. Assigned SpeedClass 'Local'
[2021.12.16-00.12.42:404][  0]LogDerivedDataCache: Using Local data cache path C:/Users/pttin/AppData/Local/UnrealEngine/Common/DerivedDataCache: Writable
[2021.12.16-00.12.42:404][  0]LogDerivedDataCache: Shared data cache path not found in *engine.ini, will not use an Shared cache.
[2021.12.16-00.12.42:404][  0]LogDerivedDataCache: Unable to find inner node Shared for hierarchical cache Hierarchy.
[2021.12.16-00.12.42:443][  0]LogSlate: Using FreeType 2.10.0
[2021.12.16-00.12.42:444][  0]LogSlate: SlateFontServices - WITH_FREETYPE: 1, WITH_HARFBUZZ: 1
[2021.12.16-00.12.42:469][  0]LogAssetRegistry: FAssetRegistry took 0.0027 seconds to start up
[2021.12.16-00.12.42:657][  0]LogInit: Selected Device Profile: [Windows]
[2021.12.16-00.12.42:658][  0]LogInit: Active device profile: [000002A6F3000F00][000002A6E7CF0AC0 49] Windows
[2021.12.16-00.12.42:658][  0]LogInit: Profiles: [000002A6F3000F00][000002A6E7CF0AC0 49] Windows, [000002A6F2F6A400][000002A6E78AEC00 49] WindowsNoEditor, [000002A6F3001F00][000002A6F0A38D40 49] WindowsServer, [000002A6F2F69600][000002A6F1996EC0 49] WindowsClient, [000002A6F3001000][000002A6F199B040 49] IOS, [000002A6F2F6BA00][000002A6F199F1C0 49] iPadAir, [000002A6F3003300][000002A6F19A3340 49] iPadAir2, [000002A6F3C25300][000002A6F19AF600 49] IPadPro, [000002A6F3C25400][000002A6F19A7640 49] iPadAir3, [000002A6F2F68B00][000002A6F19BB7C0 49] iPadAir4, [000002A6F3C26100][000002A6F19BF940 49] iPadMini2, [000002A6F2F6B400][000002A6F19C3AC0 49] iPadMini3, [000002A6F3C26C00][000002A6F19C60C0 49] iPadMini4, [000002A6F2F6A700][000002A6F19CA240 49] iPadMini5, [000002A6F3C54E00][000002A6F19D2500 49] iPhone6, [000002A6F3C54F00][000002A6F19CE540 49] iPodTouch6, [000002A6F3003700][000002A6F19DA800 49] iPhone7, [000002A6F3002800][000002A6F19D6840 49] iPodTouch7, [000002A6F3C24C00][000002A6F19DE9C0 49] iPhone5S, [000002A6F3001300][000002A6F19E2B40 49] iPhone6Plus, [000002A6F3000600][000002A6F1992C80 49] iPhone6S, [000002A6F3C55300][000002A6F19E6DC0 49] iPhone6SPlus, [000002A6F3000B00][000002A6F19EAF00 49] iPhone7Plus, [000002A6F3C55600][000002A6F19F3080 49] iPhoneSE, [000002A6F3000A00][000002A6F19F7200 49] iPhone8, [000002A6F3C55200][000002A6F19FB380 49] iPhone8Plus, [000002A6F3C26B00][000002A6F19FF500 49] iPhoneX, [000002A6F3C54C00][000002A6F1A03680 49] iPhoneXS, [000002A6F3C27A00][000002A6F1A07800 49] iPhoneXSMax, [000002A6F3C57800][000002A6F1A0B980 49] iPhoneXR, [000002A6F3C24D00][000002A6F1A0FB00 49] iPhone11, [000002A6F3C56600][000002A6F1A12100 49] iPhone11Pro, [000002A6F3C26900][000002A6F1A16280 49] iPhone11ProMax, [000002A6F3C54200][000002A6F1A1A400 49] iPhoneSE2, [000002A6F3C24B00][000002A6F1A1E580 49] iPhone12Mini, [000002A6F3C56A00][000002A6F1A22700 49] iPhone12, [000002A6F3C26E00][000002A6F1A26880 49] iPhone12Pro, [000002A6F3C54A00][000002A6F1A2AA00 49] iPhone12ProMax, [000002A6F3C27200][000002A6F1A2EB80 49] iPadPro105, [000002A6F3C57600][000002A6F1A32D00 49] iPadPro129, [000002A6F3C26000][000002A6F19EEE40 49] iPadPro97, [000002A6F3C56000][000002A6F1A36F80 49] iPadPro2_129, [000002A6F3C26400][000002A6F1A3B0C0 49] iPad5, [000002A6F3C55400][000002A6E7C67240 49] iPad6, [000002A6F3C25000][000002A6E7C6B3C0 49] iPad7, [000002A6F3C55700][000002A6E7C6F540 49] iPad8, [000002A6F3C27C00][000002A6E7C736C0 49] iPadPro11, [000002A6F3C55800][000002A6E7C77840 49] iPadPro2_11, [000002A6F3C24600][000002A6E7C7B9C0 49] iPadPro3_129, [000002A6F3C54D00][000002A6E7C7FB40 49] iPadPro4_129, [000002A6F3C27100][000002A6E7C82140 49] AppleTV, [000002A6F3C54800][000002A6E7C862C0 49] AppleTV4K, [000002A6F3C24500][000002A6E7C8A440 49] TVOS, [000002A6F3C54500][000002A6E7C8E5C0 49] Mac, [000002A6F3C24700][000002A6E7C92740 49] MacClient, [000002A6F3C55500][000002A6E7C968C0 49] MacNoEditor, [000002A6F3C25500][000002A6E7C9AA40 49] MacServer, [000002A6F3C56E00][000002A6E7C9EBC0 49] Linux, [000002A6F3C24400][000002A6E7CA2D40 49] LinuxAArch64, [000002A6F3C55E00][000002A6E7CA6EC0 49] LinuxNoEditor, [000002A6F3C25C00][000002A6E7C63000 49] LinuxAArch64NoEditor, [000002A6F3C56900][000002A6E7CAB140 49] LinuxClient, [000002A6F3C26D00][000002A6E7CAF280 49] LinuxAArch64Client, [000002A6F3C54100][000002A6E7CB33C0 49] LinuxServer, [000002A6F3C25E00][000002A6E7CBB540 49] LinuxAArch64Server, [000002A6F3C54B00][000002A6E7CBF6C0 49] Android, [000002A6F3C25A00][000002A6E7CC3840 49] Android_Low, [000002A6F3C56F00][000002A6E7CC79C0 49] Android_Mid, [000002A6F3C25100][000002A6E7CCBB40 49] Android_High, [000002A6F3C57000][000002A6E7CCE140 49] Android_Default, [000002A6F3C25700][000002A6E7CD22C0 49] Android_Adreno4xx, [000002A6F3C55900][000002A6E7CD6440 49] Android_Adreno5xx_Low, [000002A6F3C24A00][000002A6E7CDA5C0 49] Android_Adreno5xx, [000002A6F3C57400][000002A6E7CDE740 49] Android_Adreno6xx, [000002A6F3C24E00][000002A6E7CE28C0 49] Android_Adreno6xx_Vulkan, [000002A6F3C57100][000002A6E7CE6A40 49] Android_Mali_T6xx, [000002A6F3002F00][000002A6E7CEABC0 49] Android_Mali_T7xx, [000002A6F2F68800][000002A6F1592D40 49] Android_Mali_T8xx, [000002A6F3001200][000002A6F1596EC0 49] Android_Mali_G71, [000002A6F2F68E00][000002A6F159B040 49] Android_Mali_G72, [000002A6F3001100][000002A6E7CB7180 49] Android_Mali_G72_Vulkan, [000002A6F2F6A500][000002A6F159F2C0 49] Android_Mali_G76, [000002A6F3001500][000002A6F15A3400 49] Android_Mali_G76_Vulkan, [000002A6F2F6A000][000002A6F15A7540 49] Android_Mali_G77, [000002A6F3003F00][000002A6F15AF6C0 49] Android_Mali_G77_Vulkan, [000002A6F2F69D00][000002A6F15B3840 49] Android_Mali_G78, [000002A6F3000300][000002A6F15B79C0 49] Android_Mali_G78_Vulkan, [000002A6F2F68400][000002A6F15BBB40 49] Android_Mali_G710, [000002A6F3003600][000002A6F15BE140 49] Android_Mali_G710_Vulkan, [000002A6F2F6B100][000002A6F15C22C0 49] Android_Vulkan_SM5, [000002A6F3000900][000002A6F15C6440 49] Android_PowerVR_G6xxx, [000002A6F2F68A00][000002A6F15CA5C0 49] Android_PowerVR_GT7xxx, [000002A6F3000D00][000002A6F15CE740 49] Android_PowerVR_GE8xxx, [000002A6F2F6BC00][000002A6F15D28C0 49] Android_PowerVR_GM9xxx, [000002A6F3002300][000002A6F15D6A40 49] Android_PowerVR_GM9xxx_Vulkan, [000002A6F2F69200][000002A6F15DABC0 49] Android_TegraK1, [000002A6F3002A00][000002A6F15DED40 49] Android_Unknown_Vulkan, [000002A6F2F6B000][000002A6F15E2EC0 49] Lumin, [000002A6F3001C00][000002A6F15E7040 49] Lumin_Desktop, [000002A6F2F6AE00][000002A6F15EB1C0 49] HoloLens, 
[2021.12.16-00.12.42:763][  0]LogMeshReduction: Using QuadricMeshReduction for automatic static mesh reduction
[2021.12.16-00.12.42:763][  0]LogMeshReduction: Using SimplygonMeshReduction for automatic skeletal mesh reduction
[2021.12.16-00.12.42:763][  0]LogMeshReduction: Using ProxyLODMeshReduction for automatic mesh merging
[2021.12.16-00.12.42:763][  0]LogMeshReduction: No distributed automatic mesh merging module available
[2021.12.16-00.12.42:763][  0]LogMeshMerging: No distributed automatic mesh merging module available
[2021.12.16-00.12.42:776][  0]LogNetVersion: CS498_Final_Project 1.0.0, NetCL: 17155196, EngineNetVer: 17, GameNetVer: 0 (Checksum: 3148129552)
[2021.12.16-00.12.43:098][  0]LogTexture: Default maximum texture size for cubemaps generated from long-lat sources has been changed from 512 to unlimited. In order to preserve old behaiour for '/Engine/MapTemplates/Sky/DaylightAmbientCubemap.DaylightAmbientCubemap', its maximum texture size has been explicitly set to 512.
[2021.12.16-00.12.43:146][  0]LogHMD: PokeAHoleMaterial loaded successfully
[2021.12.16-00.12.43:151][  0]LogUObjectArray: 17178 objects as part of root set at end of initial load.
[2021.12.16-00.12.43:151][  0]LogUObjectAllocator: 4301856 out of 0 bytes used by permanent object pool.
[2021.12.16-00.12.43:151][  0]LogUObjectArray: CloseDisregardForGC: 0/0 objects in disregard for GC pool
[2021.12.16-00.12.43:354][  0]LogPython: Using Python 3.7.7
[2021.12.16-00.12.43:828][  0]LogNiagaraDebuggerClient: Niagara Debugger Client Initialized | Session: 2C66FD3D46774ABB69EDADA68C1C2DC4 | Instance: 2EBBA97F421BE5A68A7B1F8EDB7C7D5D (DESKTOP-SRU89FF-13676).
[2021.12.16-00.12.43:873][  0]LogImageWrapper: Warning: PNG Warning: Duplicate iCCP chunk
[2021.12.16-00.12.43:873][  0]LogImageWrapper: Warning: PNG Warning: Duplicate iCCP chunk
[2021.12.16-00.12.43:873][  0]LogUdpMessaging: Initializing bridge on interface 0.0.0.0:0 to multicast group 230.0.0.1:6666.
[2021.12.16-00.12.43:878][  0]LogTcpMessaging: Initializing TcpMessaging bridge
[2021.12.16-00.12.44:119][  0]SourceControl: Source control is disabled
[2021.12.16-00.12.44:405][  0]LogUProjectInfo: Found projects:
[2021.12.16-00.12.44:411][  0]LogVSAccessor: Display: Unable to create Visual Studio setup instance: 80040154
[2021.12.16-00.12.44:411][  0]LogVSAccessor: Display: Unable to create Visual Studio setup instance: 80040154
[2021.12.16-00.12.44:412][  0]LogVSAccessor: Display: Unable to create Visual Studio setup instance: 80040154
[2021.12.16-00.12.44:414][  0]LogOpenImageDenoise: OIDN starting up
[2021.12.16-00.12.44:459][  0]LogAndroidPermission: UAndroidPermissionCallbackProxy::GetInstance
[2021.12.16-00.12.44:473][  0]LogAudioCaptureCore: Display: No Audio Capture implementations found. Audio input will be silent.
[2021.12.16-00.12.44:473][  0]LogAudioCaptureCore: Display: No Audio Capture implementations found. Audio input will be silent.
[2021.12.16-00.12.44:573][  0]LogCollectionManager: Loaded 0 collections in 0.000618 seconds
[2021.12.16-00.12.44:593][  0]LogFileCache: Scanning file cache for directory 'C:/Users/pttin/Documents/GitHub/CS498GD-Final-MP/CS498_Final_Project/Saved/Collections/' took 0.00s
[2021.12.16-00.12.44:593][  0]LogFileCache: Scanning file cache for directory 'C:/Users/pttin/Documents/GitHub/CS498GD-Final-MP/CS498_Final_Project/Content/Developers/pttin/Collections/' took 0.00s
[2021.12.16-00.12.44:593][  0]LogFileCache: Scanning file cache for directory 'C:/Users/pttin/Documents/GitHub/CS498GD-Final-MP/CS498_Final_Project/Content/Collections/' took 0.00s
[2021.12.16-00.12.44:593][  0]LogOcInput: OculusInput pre-init called
[2021.12.16-00.12.44:779][  0]LogImageWrapper: Warning: PNG Warning: Duplicate iCCP chunk
[2021.12.16-00.12.44:779][  0]LogImageWrapper: Warning: PNG Warning: Duplicate iCCP chunk
[2021.12.16-00.12.44:779][  0]LogEngine: Initializing Engine...
[2021.12.16-00.12.44:781][  0]LogHMD: Failed to enumerate extensions. Please check that you have a valid OpenXR runtime installed.
[2021.12.16-00.12.44:781][  0]LogHMD: Failed to initialize OpenVR with code 110
[2021.12.16-00.12.44:781][  0]LogMagicLeap: Warning: VR disabled because ZI is not enabled.  To enable, in the editor, Edit -> Project Settings -> Plugins -> Magic Leap Plugin -> Enable Zero Iteration
[2021.12.16-00.12.44:782][  0]LogStats: UGameplayTagsManager::InitializeManager -  0.000 s
[2021.12.16-00.12.44:884][  0]LogInit: Initializing FReadOnlyCVARCache
[2021.12.16-00.12.44:892][  0]LogAIModule: Creating AISystem for world Untitled
[2021.12.16-00.12.44:904][  0]LogAudio: Display: Initializing Audio Device Manager...
[2021.12.16-00.12.44:907][  0]LogAudio: Display: Loading Default Audio Settings Objects...
[2021.12.16-00.12.44:907][  0]LogAudio: Display: No default SoundConcurrencyObject specified (or failed to load).
[2021.12.16-00.12.44:907][  0]LogAudio: Display: Audio Device Manager Initialized
[2021.12.16-00.12.44:907][  0]LogAudio: Display: Creating Audio Device:                 Id: 1, Scope: Shared, Realtime: True
[2021.12.16-00.12.44:908][  0]LogAudioMixer: Display: Audio Mixer Platform Settings:
[2021.12.16-00.12.44:908][  0]LogAudioMixer: Display: 	Sample Rate:						  48000
[2021.12.16-00.12.44:908][  0]LogAudioMixer: Display: 	Callback Buffer Frame Size Requested: 1024
[2021.12.16-00.12.44:908][  0]LogAudioMixer: Display: 	Callback Buffer Frame Size To Use:	  1024
[2021.12.16-00.12.44:908][  0]LogAudioMixer: Display: 	Number of buffers to queue:			  2
[2021.12.16-00.12.44:908][  0]LogAudioMixer: Display: 	Max Channels (voices):				  32
[2021.12.16-00.12.44:908][  0]LogAudioMixer: Display: 	Number of Async Source Workers:		  0
[2021.12.16-00.12.44:908][  0]LogAudio: Display: AudioDevice MaxSources: 32
[2021.12.16-00.12.44:908][  0]LogAudio: Display: Audio Spatialization Plugin: None (built-in).
[2021.12.16-00.12.44:908][  0]LogAudio: Display: Audio Reverb Plugin: None (built-in).
[2021.12.16-00.12.44:908][  0]LogAudio: Display: Audio Occlusion Plugin: None (built-in).
[2021.12.16-00.12.44:908][  0]LogAudioMixer: Display: Initializing audio mixer.
[2021.12.16-00.12.44:926][  0]LogAudioMixer: Display: 0: FrontLeft
[2021.12.16-00.12.44:926][  0]LogAudioMixer: Display: 1: FrontRight
[2021.12.16-00.12.45:350][  0]LogAudioMixer: Display: Using Audio Device Speakers (Realtek(R) Audio)
[2021.12.16-00.12.45:355][  0]LogAudioMixer: Display: Initializing Sound Submixes...
[2021.12.16-00.12.45:357][  0]LogAudioMixer: Display: Creating Master Submix 'MasterSubmixDefault'
[2021.12.16-00.12.45:357][  0]LogAudioMixer: Display: Creating Master Submix 'MasterReverbSubmixDefault'
[2021.12.16-00.12.45:357][  0]LogAudioMixer: Display: Creating Master Submix 'MasterEQSubmixDefault'
[2021.12.16-00.12.45:357][  0]LogAudioMixer: FMixerPlatformXAudio2::StartAudioStream() called
[2021.12.16-00.12.45:358][  0]LogAudioMixer: Display: Output buffers initialized: Frames=1024, Channels=2, Samples=2048
[2021.12.16-00.12.45:358][  0]LogAudioMixer: Display: Starting AudioMixerPlatformInterface::RunInternal()
[2021.12.16-00.12.45:358][  0]LogAudioMixer: Display: FMixerPlatformXAudio2::SubmitBuffer() called for the first time
[2021.12.16-00.12.45:358][  0]LogInit: FAudioDevice initialized.
[2021.12.16-00.12.45:359][  0]LogAudio: Display: Audio Device (ID: 1) registered with world 'Untitled'.
[2021.12.16-00.12.45:359][  0]LogNetVersion: Set ProjectVersion to 1.0.0.0. Version Checksum will be recalculated on next use.
[2021.12.16-00.12.45:419][  0]LogDerivedDataCache: Saved boot cache 0.06s 94MB C:/Users/pttin/AppData/Local/UnrealEngine/4.27/DerivedDataCache/Boot.ddc.
[2021.12.16-00.12.45:419][  0]LogInit: Texture streaming: Enabled
[2021.12.16-00.12.45:428][  0]LogAnalytics: Display: [UEEditor.Rocket.Release] APIServer = https://datarouter.ol.epicgames.com/. AppVersion = 4.27.1-17735300+++UE4+Release-4.27
[2021.12.16-00.12.45:431][  0]LogEngineSessionManager: EngineSessionManager initialized
[2021.12.16-00.12.45:431][  0]LogEditorSessionSummary: Verbose: Initializing EditorSessionSummaryWriter for editor session tracking
[2021.12.16-00.12.45:433][  0]LogEditorSessionSummary: EditorSessionSummaryWriter initialized
[2021.12.16-00.12.45:455][  0]LogInit: Transaction tracking system initialized
[2021.12.16-00.12.45:470][  0]BlueprintLog: New page: Editor Load
[2021.12.16-00.12.45:514][  0]LocalizationService: Localization service is disabled
[2021.12.16-00.12.45:530][  0]TimingProfiler: Initialize
[2021.12.16-00.12.45:530][  0]TimingProfiler: OnSessionChanged
[2021.12.16-00.12.45:530][  0]LoadingProfiler: Initialize
[2021.12.16-00.12.45:530][  0]LoadingProfiler: OnSessionChanged
[2021.12.16-00.12.45:530][  0]NetworkingProfiler: Initialize
[2021.12.16-00.12.45:530][  0]NetworkingProfiler: OnSessionChanged
[2021.12.16-00.12.45:530][  0]MemoryProfiler: Initialize
[2021.12.16-00.12.45:530][  0]MemoryProfiler: OnSessionChanged
[2021.12.16-00.12.45:571][  0]LogVSAccessor: Display: Unable to create Visual Studio setup instance: 80040154
[2021.12.16-00.12.45:571][  0]LogVSAccessor: Display: Unable to create Visual Studio setup instance: 80040154
[2021.12.16-00.12.45:571][  0]LogVSAccessor: Display: Unable to create Visual Studio setup instance: 80040154
[2021.12.16-00.12.45:645][  0]LogCook: Display: CookSettings for Memory: MemoryMaxUsedVirtual 0MiB, MemoryMaxUsedPhysical 16384MiB, MemoryMinFreeVirtual 0MiB, MemoryMinFreePhysical 1024MiB
[2021.12.16-00.12.45:645][  0]LogCook: Display: Mobile HDR setting 0
[2021.12.16-00.12.45:858][  0]LogFileCache: Scanning file cache for directory 'C:/Users/pttin/Documents/GitHub/CS498GD-Final-MP/CS498_Final_Project/Content/' took 0.00s
[2021.12.16-00.12.46:018][  0]LogImageWrapper: Warning: PNG Warning: Duplicate iCCP chunk
[2021.12.16-00.12.46:018][  0]LogImageWrapper: Warning: PNG Warning: Duplicate iCCP chunk
[2021.12.16-00.12.46:018][  0]LogInit: Display: Engine is initialized. Leaving FEngineLoop::Init()
[2021.12.16-00.12.46:020][  0]LogUnrealEdMisc: Loading editor; pre map load, took 6.345
[2021.12.16-00.12.46:021][  0]LightingResults: New page: Lighting Build
[2021.12.16-00.12.46:022][  0]LogWorld: UWorld::CleanupWorld for Untitled, bSessionEnded=true, bCleanupResources=true
[2021.12.16-00.12.46:022][  0]LogSlate: InvalidateAllWidgets triggered.  All widgets were invalidated
[2021.12.16-00.12.46:022][  0]MapCheck: New page: Map Check
[2021.12.16-00.12.46:022][  0]LightingResults: New page: Lighting Build
[2021.12.16-00.12.46:026][  0]LogAudio: Display: Audio Device unregistered from world 'None'.
[2021.12.16-00.12.46:028][  0]LogUObjectHash: Compacting FUObjectHashTables data took   0.67ms
[2021.12.16-00.12.46:286][  0]LogAudio: Display: Audio Device (ID: 1) registered with world '2DSideScrollerExampleMap'.
[2021.12.16-00.12.46:287][  0]LogAIModule: Creating AISystem for world 2DSideScrollerExampleMap
[2021.12.16-00.12.46:296][  0]LogEditorServer: Finished looking for orphan Actors (0.000 secs)
[2021.12.16-00.12.46:315][  0]LogUObjectHash: Compacting FUObjectHashTables data took   0.84ms
[2021.12.16-00.12.46:317][  0]Cmd: MAP CHECKDEP NOCLEARLOG
[2021.12.16-00.12.46:318][  0]MapCheck: Map check complete: 0 Error(s), 0 Warning(s), took 0.243ms to complete.
[2021.12.16-00.12.46:318][  0]LogFileHelpers: Loading map '2DSideScrollerExampleMap' took 0.297
[2021.12.16-00.12.46:319][  0]LogUnrealEdMisc: Total Editor Startup Time, took 6.644
[2021.12.16-00.12.46:448][  0]LogSlate: Updating window title bar state: overlay mode, drag disabled, window buttons hidden, title bar hidden
[2021.12.16-00.12.46:454][  0]LogSlate: Updating window title bar state: overlay mode, drag disabled, window buttons hidden, title bar hidden
[2021.12.16-00.12.46:460][  0]LogSlate: Updating window title bar state: overlay mode, drag disabled, window buttons hidden, title bar hidden
[2021.12.16-00.12.46:466][  0]LogSlate: Updating window title bar state: overlay mode, drag disabled, window buttons hidden, title bar hidden
[2021.12.16-00.12.46:478][  0]LogNativeClassHierarchy: Verbose: Native class hierarchy populated in 0.0084 seconds. Added 3822 classes and 928 folders.
[2021.12.16-00.12.46:480][  0]LogNativeClassHierarchy: Verbose: Native class hierarchy updated for 'WidgetCarousel' in 0.0002 seconds. Added 0 classes and 0 folders.
[2021.12.16-00.12.46:482][  0]LogPakFile: PakFile PrimaryIndexSize=187
[2021.12.16-00.12.46:482][  0]LogPakFile: PakFile PathHashIndexSize=101
[2021.12.16-00.12.46:482][  0]LogPakFile: PakFile FullDirectoryIndexSize=148
[2021.12.16-00.12.46:482][  0]LogShaderLibrary: Display: ShaderCodeLibraryPakFileMountedCallback: PakFile 'C:/Program Files/Epic Games/UE_4.27/FeaturePacks/FP_FirstPerson.upack' (chunk index -1, root 'root:/') mounted
[2021.12.16-00.12.46:482][  0]LogShaderLibrary: Display: ShaderCodeLibraryPakFileMountedCallback: pending pak file info (ChunkID:-1 Root:root:/ File:C:/Program Files/Epic Games/UE_4.27/FeaturePacks/FP_FirstPerson.upack)
[2021.12.16-00.12.46:482][  0]LogPakFile: OnPakFileMounted2Time == 0.000046
[2021.12.16-00.12.46:483][  0]LogPakFile: PakFile PrimaryIndexSize=189
[2021.12.16-00.12.46:483][  0]LogPakFile: PakFile PathHashIndexSize=101
[2021.12.16-00.12.46:483][  0]LogPakFile: PakFile FullDirectoryIndexSize=152
[2021.12.16-00.12.46:483][  0]LogShaderLibrary: Display: ShaderCodeLibraryPakFileMountedCallback: PakFile 'C:/Program Files/Epic Games/UE_4.27/FeaturePacks/FP_FirstPersonBP.upack' (chunk index -1, root 'root:/') mounted
[2021.12.16-00.12.46:483][  0]LogShaderLibrary: Display: ShaderCodeLibraryPakFileMountedCallback: pending pak file info (ChunkID:-1 Root:root:/ File:C:/Program Files/Epic Games/UE_4.27/FeaturePacks/FP_FirstPersonBP.upack)
[2021.12.16-00.12.46:483][  0]LogPakFile: OnPakFileMounted2Time == 0.000047
[2021.12.16-00.12.46:483][  0]LogPakFile: PakFile PrimaryIndexSize=191
[2021.12.16-00.12.46:483][  0]LogPakFile: PakFile PathHashIndexSize=101
[2021.12.16-00.12.46:483][  0]LogPakFile: PakFile FullDirectoryIndexSize=160
[2021.12.16-00.12.46:483][  0]LogShaderLibrary: Display: ShaderCodeLibraryPakFileMountedCallback: PakFile 'C:/Program Files/Epic Games/UE_4.27/FeaturePacks/MobileStarterContent.upack' (chunk index -1, root 'root:/') mounted
[2021.12.16-00.12.46:483][  0]LogShaderLibrary: Display: ShaderCodeLibraryPakFileMountedCallback: pending pak file info (ChunkID:-1 Root:root:/ File:C:/Program Files/Epic Games/UE_4.27/FeaturePacks/MobileStarterContent.upack)
[2021.12.16-00.12.46:483][  0]LogPakFile: OnPakFileMounted2Time == 0.000027
[2021.12.16-00.12.46:483][  0]LogPakFile: PakFile PrimaryIndexSize=185
[2021.12.16-00.12.46:483][  0]LogPakFile: PakFile PathHashIndexSize=101
[2021.12.16-00.12.46:483][  0]LogPakFile: PakFile FullDirectoryIndexSize=148
[2021.12.16-00.12.46:483][  0]LogShaderLibrary: Display: ShaderCodeLibraryPakFileMountedCallback: PakFile 'C:/Program Files/Epic Games/UE_4.27/FeaturePacks/StarterContent.upack' (chunk index -1, root 'root:/') mounted
[2021.12.16-00.12.46:483][  0]LogShaderLibrary: Display: ShaderCodeLibraryPakFileMountedCallback: pending pak file info (ChunkID:-1 Root:root:/ File:C:/Program Files/Epic Games/UE_4.27/FeaturePacks/StarterContent.upack)
[2021.12.16-00.12.46:483][  0]LogPakFile: OnPakFileMounted2Time == 0.000028
[2021.12.16-00.12.46:483][  0]LogPakFile: PakFile PrimaryIndexSize=190
[2021.12.16-00.12.46:483][  0]LogPakFile: PakFile PathHashIndexSize=101
[2021.12.16-00.12.46:483][  0]LogPakFile: PakFile FullDirectoryIndexSize=154
[2021.12.16-00.12.46:483][  0]LogShaderLibrary: Display: ShaderCodeLibraryPakFileMountedCallback: PakFile 'C:/Program Files/Epic Games/UE_4.27/FeaturePacks/TP_2DSideScroller.upack' (chunk index -1, root 'root:/') mounted
[2021.12.16-00.12.46:483][  0]LogShaderLibrary: Display: ShaderCodeLibraryPakFileMountedCallback: pending pak file info (ChunkID:-1 Root:root:/ File:C:/Program Files/Epic Games/UE_4.27/FeaturePacks/TP_2DSideScroller.upack)
[2021.12.16-00.12.46:483][  0]LogPakFile: OnPakFileMounted2Time == 0.000027
[2021.12.16-00.12.46:485][  0]LogPakFile: PakFile PrimaryIndexSize=192
[2021.12.16-00.12.46:485][  0]LogPakFile: PakFile PathHashIndexSize=101
[2021.12.16-00.12.46:485][  0]LogPakFile: PakFile FullDirectoryIndexSize=158
[2021.12.16-00.12.46:485][  0]LogShaderLibrary: Display: ShaderCodeLibraryPakFileMountedCallback: PakFile 'C:/Program Files/Epic Games/UE_4.27/FeaturePacks/TP_2DSideScrollerBP.upack' (chunk index -1, root 'root:/') mounted
[2021.12.16-00.12.46:485][  0]LogShaderLibrary: Display: ShaderCodeLibraryPakFileMountedCallback: pending pak file info (ChunkID:-1 Root:root:/ File:C:/Program Files/Epic Games/UE_4.27/FeaturePacks/TP_2DSideScrollerBP.upack)
[2021.12.16-00.12.46:485][  0]LogPakFile: OnPakFileMounted2Time == 0.000027
[2021.12.16-00.12.46:485][  0]LogPakFile: PakFile PrimaryIndexSize=182
[2021.12.16-00.12.46:485][  0]LogPakFile: PakFile PathHashIndexSize=101
[2021.12.16-00.12.46:485][  0]LogPakFile: PakFile FullDirectoryIndexSize=138
[2021.12.16-00.12.46:485][  0]LogShaderLibrary: Display: ShaderCodeLibraryPakFileMountedCallback: PakFile 'C:/Program Files/Epic Games/UE_4.27/FeaturePacks/TP_Flying.upack' (chunk index -1, root 'root:/') mounted
[2021.12.16-00.12.46:485][  0]LogShaderLibrary: Display: ShaderCodeLibraryPakFileMountedCallback: pending pak file info (ChunkID:-1 Root:root:/ File:C:/Program Files/Epic Games/UE_4.27/FeaturePacks/TP_Flying.upack)
[2021.12.16-00.12.46:485][  0]LogPakFile: OnPakFileMounted2Time == 0.000027
[2021.12.16-00.12.46:485][  0]LogPakFile: PakFile PrimaryIndexSize=184
[2021.12.16-00.12.46:485][  0]LogPakFile: PakFile PathHashIndexSize=101
[2021.12.16-00.12.46:485][  0]LogPakFile: PakFile FullDirectoryIndexSize=142
[2021.12.16-00.12.46:485][  0]LogShaderLibrary: Display: ShaderCodeLibraryPakFileMountedCallback: PakFile 'C:/Program Files/Epic Games/UE_4.27/FeaturePacks/TP_FlyingBP.upack' (chunk index -1, root 'root:/') mounted
[2021.12.16-00.12.46:485][  0]LogShaderLibrary: Display: ShaderCodeLibraryPakFileMountedCallback: pending pak file info (ChunkID:-1 Root:root:/ File:C:/Program Files/Epic Games/UE_4.27/FeaturePacks/TP_FlyingBP.upack)
[2021.12.16-00.12.46:485][  0]LogPakFile: OnPakFileMounted2Time == 0.000026
[2021.12.16-00.12.46:485][  0]LogPakFile: PakFile PrimaryIndexSize=188
[2021.12.16-00.12.46:485][  0]LogPakFile: PakFile PathHashIndexSize=101
[2021.12.16-00.12.46:485][  0]LogPakFile: PakFile FullDirectoryIndexSize=150
[2021.12.16-00.12.46:485][  0]LogShaderLibrary: Display: ShaderCodeLibraryPakFileMountedCallback: PakFile 'C:/Program Files/Epic Games/UE_4.27/FeaturePacks/TP_HandheldARBP.upack' (chunk index -1, root 'root:/') mounted
[2021.12.16-00.12.46:485][  0]LogShaderLibrary: Display: ShaderCodeLibraryPakFileMountedCallback: pending pak file info (ChunkID:-1 Root:root:/ File:C:/Program Files/Epic Games/UE_4.27/FeaturePacks/TP_HandheldARBP.upack)
[2021.12.16-00.12.46:485][  0]LogPakFile: OnPakFileMounted2Time == 0.000026
[2021.12.16-00.12.46:487][  0]LogPakFile: PakFile PrimaryIndexSize=182
[2021.12.16-00.12.46:487][  0]LogPakFile: PakFile PathHashIndexSize=101
[2021.12.16-00.12.46:487][  0]LogPakFile: PakFile FullDirectoryIndexSize=138
[2021.12.16-00.12.46:487][  0]LogShaderLibrary: Display: ShaderCodeLibraryPakFileMountedCallback: PakFile 'C:/Program Files/Epic Games/UE_4.27/FeaturePacks/TP_Puzzle.upack' (chunk index -1, root 'root:/') mounted
[2021.12.16-00.12.46:487][  0]LogShaderLibrary: Display: ShaderCodeLibraryPakFileMountedCallback: pending pak file info (ChunkID:-1 Root:root:/ File:C:/Program Files/Epic Games/UE_4.27/FeaturePacks/TP_Puzzle.upack)
[2021.12.16-00.12.46:487][  0]LogPakFile: OnPakFileMounted2Time == 0.000028
[2021.12.16-00.12.46:488][  0]LogPakFile: PakFile PrimaryIndexSize=184
[2021.12.16-00.12.46:488][  0]LogPakFile: PakFile PathHashIndexSize=101
[2021.12.16-00.12.46:488][  0]LogPakFile: PakFile FullDirectoryIndexSize=142
[2021.12.16-00.12.46:488][  0]LogShaderLibrary: Display: ShaderCodeLibraryPakFileMountedCallback: PakFile 'C:/Program Files/Epic Games/UE_4.27/FeaturePacks/TP_PuzzleBP.upack' (chunk index -1, root 'root:/') mounted
[2021.12.16-00.12.46:488][  0]LogShaderLibrary: Display: ShaderCodeLibraryPakFileMountedCallback: pending pak file info (ChunkID:-1 Root:root:/ File:C:/Program Files/Epic Games/UE_4.27/FeaturePacks/TP_PuzzleBP.upack)
[2021.12.16-00.12.46:488][  0]LogPakFile: OnPakFileMounted2Time == 0.000027
[2021.12.16-00.12.46:488][  0]LogPakFile: PakFile PrimaryIndexSize=183
[2021.12.16-00.12.46:488][  0]LogPakFile: PakFile PathHashIndexSize=101
[2021.12.16-00.12.46:488][  0]LogPakFile: PakFile FullDirectoryIndexSize=140
[2021.12.16-00.12.46:488][  0]LogShaderLibrary: Display: ShaderCodeLibraryPakFileMountedCallback: PakFile 'C:/Program Files/Epic Games/UE_4.27/FeaturePacks/TP_Rolling.upack' (chunk index -1, root 'root:/') mounted
[2021.12.16-00.12.46:488][  0]LogShaderLibrary: Display: ShaderCodeLibraryPakFileMountedCallback: pending pak file info (ChunkID:-1 Root:root:/ File:C:/Program Files/Epic Games/UE_4.27/FeaturePacks/TP_Rolling.upack)
[2021.12.16-00.12.46:488][  0]LogPakFile: OnPakFileMounted2Time == 0.000027
[2021.12.16-00.12.46:488][  0]LogPakFile: PakFile PrimaryIndexSize=185
[2021.12.16-00.12.46:488][  0]LogPakFile: PakFile PathHashIndexSize=101
[2021.12.16-00.12.46:488][  0]LogPakFile: PakFile FullDirectoryIndexSize=144
[2021.12.16-00.12.46:488][  0]LogShaderLibrary: Display: ShaderCodeLibraryPakFileMountedCallback: PakFile 'C:/Program Files/Epic Games/UE_4.27/FeaturePacks/TP_RollingBP.upack' (chunk index -1, root 'root:/') mounted
[2021.12.16-00.12.46:488][  0]LogShaderLibrary: Display: ShaderCodeLibraryPakFileMountedCallback: pending pak file info (ChunkID:-1 Root:root:/ File:C:/Program Files/Epic Games/UE_4.27/FeaturePacks/TP_RollingBP.upack)
[2021.12.16-00.12.46:488][  0]LogPakFile: OnPakFileMounted2Time == 0.000027
[2021.12.16-00.12.46:488][  0]LogPakFile: PakFile PrimaryIndexSize=188
[2021.12.16-00.12.46:488][  0]LogPakFile: PakFile PathHashIndexSize=101
[2021.12.16-00.12.46:488][  0]LogPakFile: PakFile FullDirectoryIndexSize=150
[2021.12.16-00.12.46:488][  0]LogShaderLibrary: Display: ShaderCodeLibraryPakFileMountedCallback: PakFile 'C:/Program Files/Epic Games/UE_4.27/FeaturePacks/TP_SideScroller.upack' (chunk index -1, root 'root:/') mounted
[2021.12.16-00.12.46:488][  0]LogShaderLibrary: Display: ShaderCodeLibraryPakFileMountedCallback: pending pak file info (ChunkID:-1 Root:root:/ File:C:/Program Files/Epic Games/UE_4.27/FeaturePacks/TP_SideScroller.upack)
[2021.12.16-00.12.46:488][  0]LogPakFile: OnPakFileMounted2Time == 0.000027
[2021.12.16-00.12.46:489][  0]LogPakFile: PakFile PrimaryIndexSize=190
[2021.12.16-00.12.46:489][  0]LogPakFile: PakFile PathHashIndexSize=101
[2021.12.16-00.12.46:489][  0]LogPakFile: PakFile FullDirectoryIndexSize=154
[2021.12.16-00.12.46:489][  0]LogShaderLibrary: Display: ShaderCodeLibraryPakFileMountedCallback: PakFile 'C:/Program Files/Epic Games/UE_4.27/FeaturePacks/TP_SideScrollerBP.upack' (chunk index -1, root 'root:/') mounted
[2021.12.16-00.12.46:489][  0]LogShaderLibrary: Display: ShaderCodeLibraryPakFileMountedCallback: pending pak file info (ChunkID:-1 Root:root:/ File:C:/Program Files/Epic Games/UE_4.27/FeaturePacks/TP_SideScrollerBP.upack)
[2021.12.16-00.12.46:489][  0]LogPakFile: OnPakFileMounted2Time == 0.000043
[2021.12.16-00.12.46:489][  0]LogPakFile: PakFile PrimaryIndexSize=187
[2021.12.16-00.12.46:489][  0]LogPakFile: PakFile PathHashIndexSize=101
[2021.12.16-00.12.46:489][  0]LogPakFile: PakFile FullDirectoryIndexSize=148
[2021.12.16-00.12.46:489][  0]LogShaderLibrary: Display: ShaderCodeLibraryPakFileMountedCallback: PakFile 'C:/Program Files/Epic Games/UE_4.27/FeaturePacks/TP_ThirdPerson.upack' (chunk index -1, root 'root:/') mounted
[2021.12.16-00.12.46:489][  0]LogShaderLibrary: Display: ShaderCodeLibraryPakFileMountedCallback: pending pak file info (ChunkID:-1 Root:root:/ File:C:/Program Files/Epic Games/UE_4.27/FeaturePacks/TP_ThirdPerson.upack)
[2021.12.16-00.12.46:489][  0]LogPakFile: OnPakFileMounted2Time == 0.000028
[2021.12.16-00.12.46:491][  0]LogPakFile: PakFile PrimaryIndexSize=189
[2021.12.16-00.12.46:491][  0]LogPakFile: PakFile PathHashIndexSize=101
[2021.12.16-00.12.46:491][  0]LogPakFile: PakFile FullDirectoryIndexSize=152
[2021.12.16-00.12.46:491][  0]LogShaderLibrary: Display: ShaderCodeLibraryPakFileMountedCallback: PakFile 'C:/Program Files/Epic Games/UE_4.27/FeaturePacks/TP_ThirdPersonBP.upack' (chunk index -1, root 'root:/') mounted
[2021.12.16-00.12.46:491][  0]LogShaderLibrary: Display: ShaderCodeLibraryPakFileMountedCallback: pending pak file info (ChunkID:-1 Root:root:/ File:C:/Program Files/Epic Games/UE_4.27/FeaturePacks/TP_ThirdPersonBP.upack)
[2021.12.16-00.12.46:491][  0]LogPakFile: OnPakFileMounted2Time == 0.000027
[2021.12.16-00.12.46:491][  0]LogPakFile: PakFile PrimaryIndexSize=183
[2021.12.16-00.12.46:491][  0]LogPakFile: PakFile PathHashIndexSize=101
[2021.12.16-00.12.46:491][  0]LogPakFile: PakFile FullDirectoryIndexSize=140
[2021.12.16-00.12.46:491][  0]LogShaderLibrary: Display: ShaderCodeLibraryPakFileMountedCallback: PakFile 'C:/Program Files/Epic Games/UE_4.27/FeaturePacks/TP_TopDown.upack' (chunk index -1, root 'root:/') mounted
[2021.12.16-00.12.46:491][  0]LogShaderLibrary: Display: ShaderCodeLibraryPakFileMountedCallback: pending pak file info (ChunkID:-1 Root:root:/ File:C:/Program Files/Epic Games/UE_4.27/FeaturePacks/TP_TopDown.upack)
[2021.12.16-00.12.46:491][  0]LogPakFile: OnPakFileMounted2Time == 0.000033
[2021.12.16-00.12.46:491][  0]LogPakFile: PakFile PrimaryIndexSize=185
[2021.12.16-00.12.46:491][  0]LogPakFile: PakFile PathHashIndexSize=101
[2021.12.16-00.12.46:491][  0]LogPakFile: PakFile FullDirectoryIndexSize=144
[2021.12.16-00.12.46:491][  0]LogShaderLibrary: Display: ShaderCodeLibraryPakFileMountedCallback: PakFile 'C:/Program Files/Epic Games/UE_4.27/FeaturePacks/TP_TopDownBP.upack' (chunk index -1, root 'root:/') mounted
[2021.12.16-00.12.46:491][  0]LogShaderLibrary: Display: ShaderCodeLibraryPakFileMountedCallback: pending pak file info (ChunkID:-1 Root:root:/ File:C:/Program Files/Epic Games/UE_4.27/FeaturePacks/TP_TopDownBP.upack)
[2021.12.16-00.12.46:491][  0]LogPakFile: OnPakFileMounted2Time == 0.000047
[2021.12.16-00.12.46:491][  0]LogPakFile: PakFile PrimaryIndexSize=185
[2021.12.16-00.12.46:491][  0]LogPakFile: PakFile PathHashIndexSize=101
[2021.12.16-00.12.46:491][  0]LogPakFile: PakFile FullDirectoryIndexSize=144
[2021.12.16-00.12.46:491][  0]LogShaderLibrary: Display: ShaderCodeLibraryPakFileMountedCallback: PakFile 'C:/Program Files/Epic Games/UE_4.27/FeaturePacks/TP_TwinStick.upack' (chunk index -1, root 'root:/') mounted
[2021.12.16-00.12.46:491][  0]LogShaderLibrary: Display: ShaderCodeLibraryPakFileMountedCallback: pending pak file info (ChunkID:-1 Root:root:/ File:C:/Program Files/Epic Games/UE_4.27/FeaturePacks/TP_TwinStick.upack)
[2021.12.16-00.12.46:491][  0]LogPakFile: OnPakFileMounted2Time == 0.000028
[2021.12.16-00.12.46:492][  0]LogPakFile: PakFile PrimaryIndexSize=187
[2021.12.16-00.12.46:492][  0]LogPakFile: PakFile PathHashIndexSize=101
[2021.12.16-00.12.46:492][  0]LogPakFile: PakFile FullDirectoryIndexSize=148
[2021.12.16-00.12.46:492][  0]LogShaderLibrary: Display: ShaderCodeLibraryPakFileMountedCallback: PakFile 'C:/Program Files/Epic Games/UE_4.27/FeaturePacks/TP_TwinStickBP.upack' (chunk index -1, root 'root:/') mounted
[2021.12.16-00.12.46:492][  0]LogShaderLibrary: Display: ShaderCodeLibraryPakFileMountedCallback: pending pak file info (ChunkID:-1 Root:root:/ File:C:/Program Files/Epic Games/UE_4.27/FeaturePacks/TP_TwinStickBP.upack)
[2021.12.16-00.12.46:492][  0]LogPakFile: OnPakFileMounted2Time == 0.000028
[2021.12.16-00.12.46:492][  0]LogPakFile: PakFile PrimaryIndexSize=183
[2021.12.16-00.12.46:492][  0]LogPakFile: PakFile PathHashIndexSize=101
[2021.12.16-00.12.46:492][  0]LogPakFile: PakFile FullDirectoryIndexSize=140
[2021.12.16-00.12.46:492][  0]LogShaderLibrary: Display: ShaderCodeLibraryPakFileMountedCallback: PakFile 'C:/Program Files/Epic Games/UE_4.27/FeaturePacks/TP_Vehicle.upack' (chunk index -1, root 'root:/') mounted
[2021.12.16-00.12.46:493][  0]LogShaderLibrary: Display: ShaderCodeLibraryPakFileMountedCallback: pending pak file info (ChunkID:-1 Root:root:/ File:C:/Program Files/Epic Games/UE_4.27/FeaturePacks/TP_Vehicle.upack)
[2021.12.16-00.12.46:493][  0]LogPakFile: OnPakFileMounted2Time == 0.000066
[2021.12.16-00.12.46:493][  0]LogPakFile: PakFile PrimaryIndexSize=186
[2021.12.16-00.12.46:493][  0]LogPakFile: PakFile PathHashIndexSize=101
[2021.12.16-00.12.46:493][  0]LogPakFile: PakFile FullDirectoryIndexSize=146
[2021.12.16-00.12.46:493][  0]LogShaderLibrary: Display: ShaderCodeLibraryPakFileMountedCallback: PakFile 'C:/Program Files/Epic Games/UE_4.27/FeaturePacks/TP_VehicleAdv.upack' (chunk index -1, root 'root:/') mounted
[2021.12.16-00.12.46:493][  0]LogShaderLibrary: Display: ShaderCodeLibraryPakFileMountedCallback: pending pak file info (ChunkID:-1 Root:root:/ File:C:/Program Files/Epic Games/UE_4.27/FeaturePacks/TP_VehicleAdv.upack)
[2021.12.16-00.12.46:493][  0]LogPakFile: OnPakFileMounted2Time == 0.000028
[2021.12.16-00.12.46:494][  0]LogPakFile: PakFile PrimaryIndexSize=188
[2021.12.16-00.12.46:494][  0]LogPakFile: PakFile PathHashIndexSize=101
[2021.12.16-00.12.46:494][  0]LogPakFile: PakFile FullDirectoryIndexSize=150
[2021.12.16-00.12.46:494][  0]LogShaderLibrary: Display: ShaderCodeLibraryPakFileMountedCallback: PakFile 'C:/Program Files/Epic Games/UE_4.27/FeaturePacks/TP_VehicleAdvBP.upack' (chunk index -1, root 'root:/') mounted
[2021.12.16-00.12.46:494][  0]LogShaderLibrary: Display: ShaderCodeLibraryPakFileMountedCallback: pending pak file info (ChunkID:-1 Root:root:/ File:C:/Program Files/Epic Games/UE_4.27/FeaturePacks/TP_VehicleAdvBP.upack)
[2021.12.16-00.12.46:494][  0]LogPakFile: OnPakFileMounted2Time == 0.000027
[2021.12.16-00.12.46:494][  0]LogPakFile: PakFile PrimaryIndexSize=185
[2021.12.16-00.12.46:494][  0]LogPakFile: PakFile PathHashIndexSize=101
[2021.12.16-00.12.46:494][  0]LogPakFile: PakFile FullDirectoryIndexSize=144
[2021.12.16-00.12.46:494][  0]LogShaderLibrary: Display: ShaderCodeLibraryPakFileMountedCallback: PakFile 'C:/Program Files/Epic Games/UE_4.27/FeaturePacks/TP_VehicleBP.upack' (chunk index -1, root 'root:/') mounted
[2021.12.16-00.12.46:494][  0]LogShaderLibrary: Display: ShaderCodeLibraryPakFileMountedCallback: pending pak file info (ChunkID:-1 Root:root:/ File:C:/Program Files/Epic Games/UE_4.27/FeaturePacks/TP_VehicleBP.upack)
[2021.12.16-00.12.46:494][  0]LogPakFile: OnPakFileMounted2Time == 0.000027
[2021.12.16-00.12.46:495][  0]LogPakFile: PakFile PrimaryIndexSize=192
[2021.12.16-00.12.46:495][  0]LogPakFile: PakFile PathHashIndexSize=101
[2021.12.16-00.12.46:495][  0]LogPakFile: PakFile FullDirectoryIndexSize=158
[2021.12.16-00.12.46:495][  0]LogShaderLibrary: Display: ShaderCodeLibraryPakFileMountedCallback: PakFile 'C:/Program Files/Epic Games/UE_4.27/FeaturePacks/TP_VirtualRealityBP.upack' (chunk index -1, root 'root:/') mounted
[2021.12.16-00.12.46:495][  0]LogShaderLibrary: Display: ShaderCodeLibraryPakFileMountedCallback: pending pak file info (ChunkID:-1 Root:root:/ File:C:/Program Files/Epic Games/UE_4.27/FeaturePacks/TP_VirtualRealityBP.upack)
[2021.12.16-00.12.46:495][  0]LogPakFile: OnPakFileMounted2Time == 0.000044
[2021.12.16-00.12.46:547][  0]LogNativeClassHierarchy: Verbose: Native class hierarchy updated for 'AddContentDialog' in 0.0003 seconds. Added 0 classes and 0 folders.
[2021.12.16-00.12.46:548][  0]LogNativeClassHierarchy: Verbose: Native class hierarchy updated for 'SceneOutliner' in 0.0003 seconds. Added 2 classes and 0 folders.
[2021.12.16-00.12.46:624][  0]LogSlate: Took 0.000200 seconds to synchronously load lazily loaded font '../../../Engine/Content/Slate/Fonts/Roboto-Regular.ttf' (155K)
[2021.12.16-00.12.46:626][  0]LogSlate: Took 0.000141 seconds to synchronously load lazily loaded font '../../../Engine/Content/Editor/Slate/Fonts/FontAwesome.ttf' (139K)
[2021.12.16-00.12.46:627][  0]LogSlate: Took 0.000110 seconds to synchronously load lazily loaded font '../../../Engine/Content/Slate/Fonts/Roboto-Bold.ttf' (160K)
[2021.12.16-00.12.46:716][  0]LogRenderer: Reallocating scene render targets to support 1668x624 Format 10 NumSamples 1 (Frame:1).
[2021.12.16-00.12.46:874][  0]LogNativeClassHierarchy: Verbose: Native class hierarchy updated for 'HierarchicalLODOutliner' in 0.0002 seconds. Added 0 classes and 0 folders.
[2021.12.16-00.12.46:874][  0]LogLoad: (Engine Initialization) Total time: 7.20 seconds
[2021.12.16-00.12.46:874][  0]LogLoad: (Engine Initialization) Total Blueprint compile time: 0.00 seconds
[2021.12.16-00.12.46:929][  0]LogAssetRegistry: Asset discovery search completed in 4.4610 seconds
[2021.12.16-00.12.46:933][  0]LogCollectionManager: Fixed up redirectors for 0 collections in 0.000003 seconds (updated 0 objects)
[2021.12.16-00.12.46:936][  0]LogContentStreaming: Texture pool size now 1000 MB
[2021.12.16-00.12.46:953][  1]LogFileCache: Retrieving MD5 hashes for directory 'C:/Users/pttin/Documents/GitHub/CS498GD-Final-MP/CS498_Final_Project/Content/' took 0.05s
[2021.12.16-00.12.52:984][328]LogSlate: Only BGRA pngs, bmps or icos are supported in by External Image Picker
[2021.12.16-00.12.55:847][460]LogSlate: Took 0.000138 seconds to synchronously load lazily loaded font '../../../Engine/Content/Slate/Fonts/Roboto-Light.ttf' (167K)
[2021.12.16-00.12.57:951][556]SourceControl: fatal: /Script: '/Script' is outside repository at 'C:/Users/pttin/Documents/GitHub/CS498GD-Final-MP'
[2021.12.16-00.13.01:402][736]LogSlate: Window 'Project Settings' being destroyed
[2021.12.16-00.13.01:409][736]LogSlate: Window 'Project Settings' being destroyed
[2021.12.16-00.13.30:231][430]LogAssetEditorSubsystem: Opening Asset editor for WidgetBlueprint /Game/2DSideScrollerBP/Widget/Tutorial.Tutorial
[2021.12.16-00.13.30:350][430]LogNativeClassHierarchy: Verbose: Native class hierarchy updated for 'BlueprintGraph' in 0.0004 seconds. Added 126 classes and 0 folders.
[2021.12.16-00.13.31:298][430]LogSlate: Took 0.000181 seconds to synchronously load lazily loaded font '../../../Engine/Content/Slate/Fonts/Roboto-BoldCondensed.ttf' (158K)
[2021.12.16-00.13.33:621][552]LogSlate: Window 'Tutorial' being destroyed
[2021.12.16-00.13.33:636][552]LogSlate: Window 'Tutorial' being destroyed
[2021.12.16-00.13.33:640][552]LogWorld: UWorld::CleanupWorld for World_4, bSessionEnded=true, bCleanupResources=true
[2021.12.16-00.13.33:641][552]LogSlate: InvalidateAllWidgets triggered.  All widgets were invalidated
[2021.12.16-00.13.33:655][552]LogWorld: UWorld::CleanupWorld for World_3, bSessionEnded=true, bCleanupResources=true
[2021.12.16-00.13.33:656][552]LogSlate: InvalidateAllWidgets triggered.  All widgets were invalidated
[2021.12.16-00.13.35:109][628]LogUObjectHash: Compacting FUObjectHashTables data took   2.87ms
[2021.12.16-00.13.35:131][628]LogSavePackage: Moving '../../../../../../Users/pttin/Documents/GitHub/CS498GD-Final-MP/CS498_Final_Project/Saved/2DSideScrollerExampleMapDACE545B40272E9FF5AD1B8693345669.tmp' to '../../../../../../Users/pttin/Documents/GitHub/CS498GD-Final-MP/CS498_Final_Project/Content/2DSideScrollerBP/Maps/2DSideScrollerExampleMap.umap'
[2021.12.16-00.13.35:187][628]LogSavePackage: Moving '../../../../../../Users/pttin/Documents/GitHub/CS498GD-Final-MP/CS498_Final_Project/Saved/2DSideScrollerExampleMap_BuiltDaC1D1BB074B1774F43D8C9980ECB9AC49.tmp' to '../../../../../../Users/pttin/Documents/GitHub/CS498GD-Final-MP/CS498_Final_Project/Content/2DSideScrollerBP/Maps/2DSideScrollerExampleMap_BuiltData.uasset'
[2021.12.16-00.13.35:197][628]AssetCheck: New page: Asset Save: multiple assets
[2021.12.16-00.13.35:197][628]LogContentValidation: Display: Validating MapBuildDataRegistry /Game/2DSideScrollerBP/Maps/2DSideScrollerExampleMap_BuiltData.2DSideScrollerExampleMap_BuiltData
[2021.12.16-00.13.35:197][628]LogContentValidation: Display: Validating World /Game/2DSideScrollerBP/Maps/2DSideScrollerExampleMap.2DSideScrollerExampleMap
